"../../../Engine/Content/Functions/Engine_MaterialFunctions01/Shading/PowerToRoughness.uasset" 0
"../../../Engine/Content/Functions/Engine_MaterialFunctions01/Shading/PowerToRoughness.uexp" 1
"../../../Engine/Content/Functions/Engine_MaterialFunctions01/Shading/ConvertFromDiffSpec.uasset" 2
"../../../Engine/Content/Functions/Engine_MaterialFunctions01/Shading/ConvertFromDiffSpec.uexp" 3
"../../../Engine/Content/EngineSounds/Master.uasset" 4
"../../../Engine/Content/EngineSounds/Master.uexp" 5
"../../../Engine/Content/EngineSky/VolumetricClouds/CloudWeatherTexture.uasset" 6
"../../../Engine/Content/EngineSky/VolumetricClouds/CloudWeatherTexture.uexp" 7
"../../../Engine/Content/Functions/Engine_MaterialFunctions02/Utility/MakeFloat2.uasset" 8
"../../../Engine/Content/Functions/Engine_MaterialFunctions02/Utility/MakeFloat2.uexp" 9
"../../../Engine/Content/EngineSky/VolumetricClouds/CloudGradientTexture.uasset" 10
"../../../Engine/Content/EngineSky/VolumetricClouds/CloudGradientTexture.uexp" 11
"../../../Engine/Content/EngineSky/VolumetricClouds/T_NoiseShape64.ubulk" 12
"../../../Engine/Content/EngineSky/VolumetricClouds/T_NoiseShape64.uasset" 13
"../../../Engine/Content/EngineSky/VolumetricClouds/T_NoiseShape64.uexp" 14
"../../../Engine/Content/EngineSky/VolumetricClouds/T_VolumeNoiseShape64.uasset" 15
"../../../Engine/Content/EngineSky/VolumetricClouds/T_VolumeNoiseShape64.uexp" 16
"../../../Engine/Content/EngineSky/VolumetricClouds/T_NoiseErosion.ubulk" 17
"../../../Engine/Content/EngineSky/VolumetricClouds/T_NoiseErosion.uasset" 18
"../../../Engine/Content/EngineSky/VolumetricClouds/T_NoiseErosion.uexp" 19
"../../../Engine/Content/EngineSky/VolumetricClouds/T_VolumeNoiseErosion32.uasset" 20
"../../../Engine/Content/EngineSky/VolumetricClouds/T_VolumeNoiseErosion32.uexp" 21
"../../../Engine/Content/EngineSky/VolumetricClouds/m_SimpleVolumetricCloud.uasset" 22
"../../../Engine/Content/EngineSky/VolumetricClouds/m_SimpleVolumetricCloud.uexp" 23
"../../../Engine/Content/EngineSky/VolumetricClouds/m_SimpleVolumetricCloud_Inst.uasset" 24
"../../../Engine/Content/EngineSky/VolumetricClouds/m_SimpleVolumetricCloud_Inst.uexp" 25
"../../../Engine/Content/EngineResources/GradientTexture0.uasset" 26
"../../../Engine/Content/EngineResources/GradientTexture0.uexp" 27
"../../../Engine/Content/EngineResources/DefaultVolumeTexture2D.uasset" 28
"../../../Engine/Content/EngineResources/DefaultVolumeTexture2D.uexp" 29
"../../../Engine/Content/EngineResources/DefaultVolumeTexture.uasset" 30
"../../../Engine/Content/EngineResources/DefaultVolumeTexture.uexp" 31
"../../../Engine/Content/EngineResources/DefaultTextureCube.uasset" 32
"../../../Engine/Content/EngineResources/DefaultTextureCube.uexp" 33
"../../../Engine/Content/EngineResources/DefaultTexture.ubulk" 34
"../../../Engine/Content/EngineResources/DefaultTexture.uasset" 35
"../../../Engine/Content/EngineResources/DefaultTexture.uexp" 36
"../../../Engine/Content/EngineResources/Black.uasset" 37
"../../../Engine/Content/EngineResources/Black.uexp" 38
"../../../Engine/Content/EngineResources/FilmGrains/Marcie_Grain_v3_128_M2_000.uasset" 39
"../../../Engine/Content/EngineResources/FilmGrains/Marcie_Grain_v3_128_M2_000.uexp" 40
"../../../Engine/Content/EngineMeshes/Sphere.ubulk" 41
"../../../Engine/Content/EngineMeshes/Sphere.uasset" 42
"../../../Engine/Content/EngineMeshes/Sphere.uexp" 43
"../../../Engine/Content/EngineResources/WhiteSquareTexture.uasset" 44
"../../../Engine/Content/EngineResources/WhiteSquareTexture.uexp" 45
"../../../Engine/Content/EngineMaterials/Widget3DPassThrough.uasset" 46
"../../../Engine/Content/EngineMaterials/Widget3DPassThrough.uexp" 47
"../../../Engine/Content/EngineMaterials/Widget3DPassThrough_Translucent.uasset" 48
"../../../Engine/Content/EngineMaterials/Widget3DPassThrough_Translucent.uexp" 49
"../../../Engine/Content/EngineMaterials/Widget3DPassThrough_Translucent_OneSided.uasset" 50
"../../../Engine/Content/EngineMaterials/Widget3DPassThrough_Translucent_OneSided.uexp" 51
"../../../Engine/Content/EngineMaterials/Widget3DPassThrough_Opaque.uasset" 52
"../../../Engine/Content/EngineMaterials/Widget3DPassThrough_Opaque.uexp" 53
"../../../Engine/Content/EngineMaterials/Widget3DPassThrough_Opaque_OneSided.uasset" 54
"../../../Engine/Content/EngineMaterials/Widget3DPassThrough_Opaque_OneSided.uexp" 55
"../../../Engine/Content/EngineMaterials/Widget3DPassThrough_Masked_OneSided.uasset" 56
"../../../Engine/Content/EngineMaterials/Widget3DPassThrough_Masked_OneSided.uexp" 57
"../../../Engine/Content/EngineMaterials/Widget3DPassThrough_Masked.uasset" 58
"../../../Engine/Content/EngineMaterials/Widget3DPassThrough_Masked.uexp" 59
"../../../Engine/Content/EngineMaterials/WeightMapPlaceholderTexture.uasset" 60
"../../../Engine/Content/EngineMaterials/WeightMapPlaceholderTexture.uexp" 61
"../../../Engine/Content/EngineMaterials/RemoveSurfaceMaterial.uasset" 62
"../../../Engine/Content/EngineMaterials/RemoveSurfaceMaterial.uexp" 63
"../../../Engine/Content/EngineMaterials/PreintegratedSkinBRDF.uasset" 64
"../../../Engine/Content/EngineMaterials/PreintegratedSkinBRDF.uexp" 65
"../../../Engine/Content/EngineMaterials/DefaultCalibrationGrayscale.uasset" 66
"../../../Engine/Content/EngineMaterials/DefaultCalibrationGrayscale.uexp" 67
"../../../Engine/Content/EngineMaterials/PPM_DefaultCalibrationGrayscale.uasset" 68
"../../../Engine/Content/EngineMaterials/PPM_DefaultCalibrationGrayscale.uexp" 69
"../../../Engine/Content/EngineMaterials/DefaultCalibrationColor.uasset" 70
"../../../Engine/Content/EngineMaterials/DefaultCalibrationColor.uexp" 71
"../../../Engine/Content/EngineMaterials/PPM_DefaultCalibrationColor.uasset" 72
"../../../Engine/Content/EngineMaterials/PPM_DefaultCalibrationColor.uexp" 73
"../../../Engine/Content/Functions/Engine_MaterialFunctions02/WorldPositionOffset/CameraOffset.uasset" 74
"../../../Engine/Content/Functions/Engine_MaterialFunctions02/WorldPositionOffset/CameraOffset.uexp" 75
"../../../Engine/Content/EngineMaterials/PhAT_JointLimitMaterial.uasset" 76
"../../../Engine/Content/EngineMaterials/PhAT_JointLimitMaterial.uexp" 77
"../../../Engine/Content/EngineMaterials/InvalidLightmapSettings.ubulk" 78
"../../../Engine/Content/EngineMaterials/InvalidLightmapSettings.uasset" 79
"../../../Engine/Content/EngineMaterials/InvalidLightmapSettings.uexp" 80
"../../../Engine/Content/EngineMaterials/M_InvalidLightmapSettings.uasset" 81
"../../../Engine/Content/EngineMaterials/M_InvalidLightmapSettings.uexp" 82
"../../../Engine/Content/EngineMaterials/MiniFont.uasset" 83
"../../../Engine/Content/EngineMaterials/MiniFont.uexp" 84
"../../../Engine/Content/EngineMaterials/Good64x64TilingNoiseHighFreq.uasset" 85
"../../../Engine/Content/EngineMaterials/Good64x64TilingNoiseHighFreq.uexp" 86
"../../../Engine/Content/EngineMaterials/GizmoMaterial.uasset" 87
"../../../Engine/Content/EngineMaterials/GizmoMaterial.uexp" 88
"../../../Engine/Content/EngineMaterials/BaseFlattenEmissiveMap_VT.uasset" 89
"../../../Engine/Content/EngineMaterials/BaseFlattenEmissiveMap_VT.uexp" 90
"../../../Engine/Content/EngineMaterials/BaseFlattenGrayscaleMap_VT.uasset" 91
"../../../Engine/Content/EngineMaterials/BaseFlattenGrayscaleMap_VT.uexp" 92
"../../../Engine/Content/EngineMaterials/BaseFlattenLinearColor_VT.uasset" 93
"../../../Engine/Content/EngineMaterials/BaseFlattenLinearColor_VT.uexp" 94
"../../../Engine/Content/EngineMaterials/Black_1x1_EXR_Texture_VT.uasset" 95
"../../../Engine/Content/EngineMaterials/Black_1x1_EXR_Texture_VT.uexp" 96
"../../../Engine/Content/EngineMaterials/BaseFlattenDiffuseMap_VT.uasset" 97
"../../../Engine/Content/EngineMaterials/BaseFlattenDiffuseMap_VT.uexp" 98
"../../../Engine/Content/EngineMaterials/BaseFlattenNormalMap_VT.uasset" 99
"../../../Engine/Content/EngineMaterials/BaseFlattenNormalMap_VT.uexp" 100
"../../../Engine/Content/EngineMaterials/FlattenMaterial_WS_Normal_VT.uasset" 101
"../../../Engine/Content/EngineMaterials/FlattenMaterial_WS_Normal_VT.uexp" 102
"../../../Engine/Content/EngineMaterials/FlattenMaterial_VT.uasset" 103
"../../../Engine/Content/EngineMaterials/FlattenMaterial_VT.uexp" 104
"../../../Engine/Content/EngineMaterials/BaseFlattenNormalMap.uasset" 105
"../../../Engine/Content/EngineMaterials/BaseFlattenNormalMap.uexp" 106
"../../../Engine/Content/EngineMaterials/BaseFlattenGrayscaleMap.uasset" 107
"../../../Engine/Content/EngineMaterials/BaseFlattenGrayscaleMap.uexp" 108
"../../../Engine/Content/EngineMaterials/BaseFlattenDiffuseMap.uasset" 109
"../../../Engine/Content/EngineMaterials/BaseFlattenDiffuseMap.uexp" 110
"../../../Engine/Content/Functions/Engine_MaterialFunctions02/PivotPainter2/Black_1x1_EXR_Texture.uasset" 111
"../../../Engine/Content/Functions/Engine_MaterialFunctions02/PivotPainter2/Black_1x1_EXR_Texture.uexp" 112
"../../../Engine/Content/EngineMaterials/BaseFlattenEmissiveMap.uasset" 113
"../../../Engine/Content/EngineMaterials/BaseFlattenEmissiveMap.uexp" 114
"../../../Engine/Content/EngineMaterials/BaseFlattenLinearColor.uasset" 115
"../../../Engine/Content/EngineMaterials/BaseFlattenLinearColor.uexp" 116
"../../../Engine/Content/EngineMaterials/FlattenMaterial.uasset" 117
"../../../Engine/Content/EngineMaterials/FlattenMaterial.uexp" 118
"../../../Engine/Content/EngineMaterials/DefaultWhiteGrid_Low.uasset" 119
"../../../Engine/Content/EngineMaterials/DefaultWhiteGrid_Low.uexp" 120
"../../../Engine/Content/EngineMaterials/EmissiveMeshMaterial.uasset" 121
"../../../Engine/Content/EngineMaterials/EmissiveMeshMaterial.uexp" 122
"../../../Engine/Content/EngineMaterials/DefaultWhiteGrid.ubulk" 123
"../../../Engine/Content/EngineMaterials/DefaultWhiteGrid.uasset" 124
"../../../Engine/Content/EngineMaterials/DefaultWhiteGrid.uexp" 125
"../../../Engine/Content/EngineFonts/RobotoDistanceField.uasset" 126
"../../../Engine/Content/EngineFonts/RobotoDistanceField.uexp" 127
"../../../Engine/Content/EngineMaterials/DefaultTextMaterialOpaque.uasset" 128
"../../../Engine/Content/EngineMaterials/DefaultTextMaterialOpaque.uexp" 129
"../../../Engine/Content/EngineMaterials/DefaultDiffuse.ubulk" 130
"../../../Engine/Content/EngineMaterials/DefaultDiffuse.uasset" 131
"../../../Engine/Content/EngineMaterials/DefaultDiffuse.uexp" 132
"../../../Engine/Content/Functions/Engine_MaterialFunctions02/Utility/BreakOutFloat2Components.uasset" 133
"../../../Engine/Content/Functions/Engine_MaterialFunctions02/Utility/BreakOutFloat2Components.uexp" 134
"../../../Engine/Content/EngineMaterials/DefaultPostProcessMaterial.uasset" 135
"../../../Engine/Content/EngineMaterials/DefaultPostProcessMaterial.uexp" 136
"../../../Engine/Content/EngineMaterials/DefaultPhysicalMaterial.uasset" 137
"../../../Engine/Content/EngineMaterials/DefaultPhysicalMaterial.uexp" 138
"../../../Engine/Content/EngineMaterials/DefaultLightFunctionMaterial.uasset" 139
"../../../Engine/Content/EngineMaterials/DefaultLightFunctionMaterial.uexp" 140
"../../../Engine/Content/EngineMaterials/DefaultDestructiblePhysicalMaterial.uasset" 141
"../../../Engine/Content/EngineMaterials/DefaultDestructiblePhysicalMaterial.uexp" 142
"../../../Engine/Content/EngineMaterials/DefaultDeferredDecalMaterial.uasset" 143
"../../../Engine/Content/EngineMaterials/DefaultDeferredDecalMaterial.uexp" 144
"../../../Engine/Content/EngineMaterials/DefaultBokeh.uasset" 145
"../../../Engine/Content/EngineMaterials/DefaultBokeh.uexp" 146
"../../../Engine/Content/EngineMaterials/DefaultBloomKernel.uasset" 147
"../../../Engine/Content/EngineMaterials/DefaultBloomKernel.uexp" 148
"../../../Engine/Content/EngineMaterials/BlueNoise.uasset" 149
"../../../Engine/Content/EngineMaterials/BlueNoise.uexp" 150
"../../../Engine/Content/EngineFonts/Faces/RobotoLight.uexp" 151
"../../../Engine/Content/EngineFonts/Faces/RobotoLight.uasset" 152
"../../../Engine/Content/EngineFonts/Faces/RobotoLight.ufont" 153
"../../../Engine/Content/EngineFonts/Faces/RobotoBold.uexp" 154
"../../../Engine/Content/EngineFonts/Faces/RobotoBold.uasset" 155
"../../../Engine/Content/EngineFonts/Faces/RobotoBold.ufont" 156
"../../../Engine/Content/EngineFonts/Faces/RobotoRegular.uexp" 157
"../../../Engine/Content/EngineFonts/Faces/RobotoRegular.uasset" 158
"../../../Engine/Content/EngineFonts/Faces/RobotoRegular.ufont" 159
"../../../Engine/Content/EngineFonts/Faces/DroidSansFallback.uexp" 160
"../../../Engine/Content/EngineFonts/Faces/DroidSansFallback.uasset" 161
"../../../Engine/Content/EngineFonts/Faces/DroidSansFallback.ufont" 162
"../../../Engine/Content/EngineFonts/Faces/RobotoItalic.uexp" 163
"../../../Engine/Content/EngineFonts/Faces/RobotoItalic.uasset" 164
"../../../Engine/Content/EngineFonts/Faces/RobotoItalic.ufont" 165
"../../../Engine/Content/EngineFonts/Faces/RobotoBoldItalic.uexp" 166
"../../../Engine/Content/EngineFonts/Faces/RobotoBoldItalic.uasset" 167
"../../../Engine/Content/EngineFonts/Faces/RobotoBoldItalic.ufont" 168
"../../../Engine/Content/EngineFonts/Roboto.uasset" 169
"../../../Engine/Content/EngineFonts/Roboto.uexp" 170
"../../../Engine/Content/Functions/Engine_MaterialFunctions02/Utility/CameraDirectionVector.uasset" 171
"../../../Engine/Content/Functions/Engine_MaterialFunctions02/Utility/CameraDirectionVector.uexp" 172
"../../../Engine/Content/EngineDebugMaterials/VolumeToRender.uasset" 173
"../../../Engine/Content/EngineDebugMaterials/VolumeToRender.uexp" 174
"../../../Engine/Content/EngineDebugMaterials/M_VolumeRenderSphereTracePP.uasset" 175
"../../../Engine/Content/EngineDebugMaterials/M_VolumeRenderSphereTracePP.uexp" 176
"../../../Engine/Content/EngineDebugMaterials/M_SimpleUnlitTranslucent.uasset" 177
"../../../Engine/Content/EngineDebugMaterials/M_SimpleUnlitTranslucent.uexp" 178
"../../../Engine/Content/EngineDebugMaterials/DebugMeshMaterial.uasset" 179
"../../../Engine/Content/EngineDebugMaterials/DebugMeshMaterial.uexp" 180
"../../../Engine/Content/EngineDebugMaterials/DebugEditorMaterial.uasset" 181
"../../../Engine/Content/EngineDebugMaterials/DebugEditorMaterial.uexp" 182
"../../../Engine/Content/EngineDamageTypes/DmgTypeBP_Environmental.uasset" 183
"../../../Engine/Content/EngineDamageTypes/DmgTypeBP_Environmental.uexp" 184
"../../../Engine/Content/EditorResources/S_TriggerSphere.uasset" 185
"../../../Engine/Content/EditorResources/S_TriggerSphere.uexp" 186
"../../../Engine/Content/EditorResources/S_TriggerCapsule.uasset" 187
"../../../Engine/Content/EditorResources/S_TriggerCapsule.uexp" 188
"../../../Engine/Content/EditorResources/S_TriggerBox.uasset" 189
"../../../Engine/Content/EditorResources/S_TriggerBox.uexp" 190
"../../../Engine/Content/EditorResources/S_Trigger.ubulk" 191
"../../../Engine/Content/EditorResources/S_Trigger.uasset" 192
"../../../Engine/Content/EditorResources/S_Trigger.uexp" 193
"../../../Engine/Content/EditorResources/S_Terrain.ubulk" 194
"../../../Engine/Content/EditorResources/S_Terrain.uasset" 195
"../../../Engine/Content/EditorResources/S_Terrain.uexp" 196
"../../../Engine/Content/EditorResources/S_Solver.ubulk" 197
"../../../Engine/Content/EditorResources/S_Solver.uasset" 198
"../../../Engine/Content/EditorResources/S_Solver.uexp" 199
"../../../Engine/Content/EditorResources/S_BoxReflectionCapture.uasset" 200
"../../../Engine/Content/EditorResources/S_BoxReflectionCapture.uexp" 201
"../../../Engine/Content/EditorResources/S_Actor.ubulk" 202
"../../../Engine/Content/EditorResources/S_Actor.uasset" 203
"../../../Engine/Content/EditorResources/S_Actor.uexp" 204
"../../../Engine/Content/EditorResources/EmptyActor.uasset" 205
"../../../Engine/Content/EditorResources/EmptyActor.uexp" 206
"../../../Engine/Content/EditorResources/BSPVertex.uasset" 207
"../../../Engine/Content/EditorResources/BSPVertex.uexp" 208
"../../../Engine/Content/EditorResources/SequenceRecorder/RecordingIndicator.uasset" 209
"../../../Engine/Content/EditorResources/SequenceRecorder/RecordingIndicator.uexp" 210
"../../../Engine/Content/EditorResources/SequenceRecorder/Countdown.uasset" 211
"../../../Engine/Content/EditorResources/SequenceRecorder/Countdown.uexp" 212
"../../../Engine/Content/EditorResources/AudioIcons/S_AudioComponent_AutoActivate.uasset" 213
"../../../Engine/Content/EditorResources/AudioIcons/S_AudioComponent_AutoActivate.uexp" 214
"../../../Engine/Content/EditorResources/AudioIcons/S_AudioComponent.uasset" 215
"../../../Engine/Content/EditorResources/AudioIcons/S_AudioComponent.uexp" 216
"../../../Engine/Content/EditorMaterials/Camera/CineMat.uasset" 217
"../../../Engine/Content/EditorMaterials/Camera/CineMat.uexp" 218
"../../../Engine/Content/EditorMaterials/Camera/MI_CineMat_Rig.uasset" 219
"../../../Engine/Content/EditorMaterials/Camera/MI_CineMat_Rig.uexp" 220
"../../../Engine/Content/EditorMeshes/Camera/SM_RailRig_Track.ubulk" 221
"../../../Engine/Content/EditorMeshes/Camera/SM_RailRig_Track.uasset" 222
"../../../Engine/Content/EditorMeshes/Camera/SM_RailRig_Track.uexp" 223
"../../../Engine/Content/EditorMeshes/Camera/SM_RailRig_Mount.ubulk" 224
"../../../Engine/Content/EditorMeshes/Camera/SM_RailRig_Mount.uasset" 225
"../../../Engine/Content/EditorMeshes/Camera/SM_RailRig_Mount.uexp" 226
"../../../Engine/Content/EditorMeshes/Camera/SM_CraneRig_Mount.ubulk" 227
"../../../Engine/Content/EditorMeshes/Camera/SM_CraneRig_Mount.uasset" 228
"../../../Engine/Content/EditorMeshes/Camera/SM_CraneRig_Mount.uexp" 229
"../../../Engine/Content/EditorMeshes/Camera/SM_CraneRig_Body.ubulk" 230
"../../../Engine/Content/EditorMeshes/Camera/SM_CraneRig_Body.uasset" 231
"../../../Engine/Content/EditorMeshes/Camera/SM_CraneRig_Body.uexp" 232
"../../../Engine/Content/EditorMeshes/Camera/SM_CraneRig_Base.ubulk" 233
"../../../Engine/Content/EditorMeshes/Camera/SM_CraneRig_Base.uasset" 234
"../../../Engine/Content/EditorMeshes/Camera/SM_CraneRig_Base.uexp" 235
"../../../Engine/Content/EditorMeshes/Camera/SM_CraneRig_Arm.ubulk" 236
"../../../Engine/Content/EditorMeshes/Camera/SM_CraneRig_Arm.uasset" 237
"../../../Engine/Content/EditorMeshes/Camera/SM_CraneRig_Arm.uexp" 238
"../../../Engine/Content/EditorMaterials/PreviewShadowIndicator.ubulk" 239
"../../../Engine/Content/EditorMaterials/PreviewShadowIndicator.uasset" 240
"../../../Engine/Content/EditorMaterials/PreviewShadowIndicator.uexp" 241
"../../../Engine/Content/EditorMaterials/PreviewShadowIndicatorMaterial.uasset" 242
"../../../Engine/Content/EditorMaterials/PreviewShadowIndicatorMaterial.uexp" 243
"../../../Engine/Content/EditorMaterials/MAT_Groups_Visibility.uasset" 244
"../../../Engine/Content/EditorMaterials/MAT_Groups_Visibility.uexp" 245
"../../../Engine/Content/EditorMaterials/MAT_Groups_Toggle.uasset" 246
"../../../Engine/Content/EditorMaterials/MAT_Groups_Toggle.uexp" 247
"../../../Engine/Content/Functions/Engine_MaterialFunctions02/Utility/MakeFloat4.uasset" 248
"../../../Engine/Content/Functions/Engine_MaterialFunctions02/Utility/MakeFloat4.uexp" 249
"../../../Engine/Content/Functions/Engine_MaterialFunctions02/Utility/MakeFloat3.uasset" 250
"../../../Engine/Content/Functions/Engine_MaterialFunctions02/Utility/MakeFloat3.uexp" 251
"../../../Engine/Content/Functions/Engine_MaterialFunctions02/Utility/BreakOutFloat3Components.uasset" 252
"../../../Engine/Content/Functions/Engine_MaterialFunctions02/Utility/BreakOutFloat3Components.uexp" 253
"../../../Engine/Content/EditorMaterials/WorldPartition/WorldPartitionSpatialHashGridPreviewMaterial.uasset" 254
"../../../Engine/Content/EditorMaterials/WorldPartition/WorldPartitionSpatialHashGridPreviewMaterial.uexp" 255
"../../../Engine/Content/EditorMaterials/ParticleSystems/PSysThumbnail_OOD.ubulk" 256
"../../../Engine/Content/EditorMaterials/ParticleSystems/PSysThumbnail_OOD.uasset" 257
"../../../Engine/Content/EditorMaterials/ParticleSystems/PSysThumbnail_OOD.uexp" 258
"../../../Engine/Content/EditorMaterials/ParticleSystems/PSysThumbnail_NoImage.ubulk" 259
"../../../Engine/Content/EditorMaterials/ParticleSystems/PSysThumbnail_NoImage.uasset" 260
"../../../Engine/Content/EditorMaterials/ParticleSystems/PSysThumbnail_NoImage.uexp" 261
"../../../Engine/Content/EditorMaterials/MatineeGroups/MAT_Groups_Vector.uasset" 262
"../../../Engine/Content/EditorMaterials/MatineeGroups/MAT_Groups_Vector.uexp" 263
"../../../Engine/Content/EditorMaterials/MatineeGroups/MAT_Groups_Sound.uasset" 264
"../../../Engine/Content/EditorMaterials/MatineeGroups/MAT_Groups_Sound.uexp" 265
"../../../Engine/Content/EditorMaterials/MatineeGroups/MAT_Groups_Slomo.uasset" 266
"../../../Engine/Content/EditorMaterials/MatineeGroups/MAT_Groups_Slomo.uexp" 267
"../../../Engine/Content/EditorMaterials/MatineeGroups/MAT_Groups_Move.uasset" 268
"../../../Engine/Content/EditorMaterials/MatineeGroups/MAT_Groups_Move.uexp" 269
"../../../Engine/Content/EditorMaterials/MatineeGroups/MAT_Groups_Float.uasset" 270
"../../../Engine/Content/EditorMaterials/MatineeGroups/MAT_Groups_Float.uexp" 271
"../../../Engine/Content/EditorMaterials/MatineeGroups/MAT_Groups_Fade.uasset" 272
"../../../Engine/Content/EditorMaterials/MatineeGroups/MAT_Groups_Fade.uexp" 273
"../../../Engine/Content/EditorMaterials/MatineeGroups/MAT_Groups_Event.uasset" 274
"../../../Engine/Content/EditorMaterials/MatineeGroups/MAT_Groups_Event.uexp" 275
"../../../Engine/Content/EditorMaterials/MatineeGroups/MAT_Groups_Director.uasset" 276
"../../../Engine/Content/EditorMaterials/MatineeGroups/MAT_Groups_Director.uexp" 277
"../../../Engine/Content/EditorMaterials/MatineeGroups/MAT_Groups_AudioMaster.uasset" 278
"../../../Engine/Content/EditorMaterials/MatineeGroups/MAT_Groups_AudioMaster.uexp" 279
"../../../Engine/Content/EditorMaterials/MatineeGroups/MAT_Groups_Anim.uasset" 280
"../../../Engine/Content/EditorMaterials/MatineeGroups/MAT_Groups_Anim.uexp" 281
"../../../Engine/Content/EditorMaterials/MatineeGroups/MAT_ColorTrack.uasset" 282
"../../../Engine/Content/EditorMaterials/MatineeGroups/MAT_ColorTrack.uexp" 283
"../../../Engine/Content/EditorLandscapeResources/DefaultAlphaTexture.uasset" 284
"../../../Engine/Content/EditorLandscapeResources/DefaultAlphaTexture.uexp" 285
"../../../Engine/Content/EditorLandscapeResources/DataLayer.uasset" 286
"../../../Engine/Content/EditorLandscapeResources/DataLayer.uexp" 287
"../../../Engine/Content/EngineMaterials/T_Default_Material_Grid_M.ubulk" 288
"../../../Engine/Content/EngineMaterials/T_Default_Material_Grid_M.uasset" 289
"../../../Engine/Content/EngineMaterials/T_Default_Material_Grid_M.uexp" 290
"../../../Engine/Content/EngineMaterials/T_Default_Material_Grid_N.ubulk" 291
"../../../Engine/Content/EngineMaterials/T_Default_Material_Grid_N.uasset" 292
"../../../Engine/Content/EngineMaterials/T_Default_Material_Grid_N.uexp" 293
"../../../Engine/Content/Functions/Engine_MaterialFunctions01/Opacity/CameraDepthFade.uasset" 294
"../../../Engine/Content/Functions/Engine_MaterialFunctions01/Opacity/CameraDepthFade.uexp" 295
"../../../Engine/Content/EngineMaterials/DefaultMaterial.uasset" 296
"../../../Engine/Content/EngineMaterials/DefaultMaterial.uexp" 297
"../../../Engine/Content/BasicShapes/Sphere.ubulk" 298
"../../../Engine/Content/BasicShapes/Sphere.uasset" 299
"../../../Engine/Content/BasicShapes/Sphere.uexp" 300
"../../../Engine/Content/EngineMaterials/WorldGridMaterial.uasset" 301
"../../../Engine/Content/EngineMaterials/WorldGridMaterial.uexp" 302
"../../../Engine/Content/BasicShapes/Plane.ubulk" 303
"../../../Engine/Content/BasicShapes/Plane.uasset" 304
"../../../Engine/Content/BasicShapes/Plane.uexp" 305
"../../../Engine/Content/BasicShapes/Cylinder.ubulk" 306
"../../../Engine/Content/BasicShapes/Cylinder.uasset" 307
"../../../Engine/Content/BasicShapes/Cylinder.uexp" 308
"../../../Engine/Content/BasicShapes/Cube.ubulk" 309
"../../../Engine/Content/BasicShapes/Cube.uasset" 310
"../../../Engine/Content/BasicShapes/Cube.uexp" 311
"../../../Engine/Content/BasicShapes/Cone.ubulk" 312
"../../../Engine/Content/BasicShapes/Cone.uasset" 313
"../../../Engine/Content/BasicShapes/Cone.uexp" 314
"../../../Engine/Content/ArtTools/RenderToTexture/Meshes/S_1_Unit_Plane.ubulk" 315
"../../../Engine/Content/ArtTools/RenderToTexture/Meshes/S_1_Unit_Plane.uasset" 316
"../../../Engine/Content/ArtTools/RenderToTexture/Meshes/S_1_Unit_Plane.uexp" 317
"../../../Engine/Content/MobileResources/HUD/VirtualJoystick_Background.uasset" 318
"../../../Engine/Content/MobileResources/HUD/VirtualJoystick_Background.uexp" 319
"../../../Engine/Content/MobileResources/HUD/VirtualJoystick_Thumb.uasset" 320
"../../../Engine/Content/MobileResources/HUD/VirtualJoystick_Thumb.uexp" 321
"../../../Engine/Content/MobileResources/HUD/DefaultVirtualJoysticks.uasset" 322
"../../../Engine/Content/MobileResources/HUD/DefaultVirtualJoysticks.uexp" 323
"../../../Engine/Content/Tutorial/ContentIntroCurve.uasset" 324
"../../../Engine/Content/Tutorial/ContentIntroCurve.uexp" 325
"../../../Engine/Content/VREditor/TransformGizmo/Main.uasset" 326
"../../../Engine/Content/VREditor/TransformGizmo/Main.uexp" 327
"../../../Engine/Content/VREditor/TransformGizmo/Xray.uasset" 328
"../../../Engine/Content/VREditor/TransformGizmo/Xray.uexp" 329
"../../../Engine/Content/VREditor/TransformGizmo/SM_Sequencer_Node.ubulk" 330
"../../../Engine/Content/VREditor/TransformGizmo/SM_Sequencer_Node.uasset" 331
"../../../Engine/Content/VREditor/TransformGizmo/SM_Sequencer_Node.uexp" 332
"../../../Engine/Content/VREditor/LaserPointer/VR_LaserPower_01.ubulk" 333
"../../../Engine/Content/VREditor/LaserPointer/VR_LaserPower_01.uasset" 334
"../../../Engine/Content/VREditor/LaserPointer/VR_LaserPower_01.uexp" 335
"../../../Engine/Content/VREditor/TransformGizmo/TransformGizmoMaterial.uasset" 336
"../../../Engine/Content/VREditor/TransformGizmo/TransformGizmoMaterial.uexp" 337
"../../../Engine/Content/VREditor/TransformGizmo/TranslucentTransformGizmoMaterial.uasset" 338
"../../../Engine/Content/VREditor/TransformGizmo/TranslucentTransformGizmoMaterial.uexp" 339
"../../../Engine/Content/VREditor/TransformGizmo/PlaneTranslationHandle.ubulk" 340
"../../../Engine/Content/VREditor/TransformGizmo/PlaneTranslationHandle.uasset" 341
"../../../Engine/Content/VREditor/TransformGizmo/PlaneTranslationHandle.uexp" 342
"../../../Engine/Content/VREditor/TransformGizmo/BoundingBoxEdge.ubulk" 343
"../../../Engine/Content/VREditor/TransformGizmo/BoundingBoxEdge.uasset" 344
"../../../Engine/Content/VREditor/TransformGizmo/BoundingBoxEdge.uexp" 345
"../../../Engine/Content/VREditor/TransformGizmo/BoundingBoxCorner.ubulk" 346
"../../../Engine/Content/VREditor/TransformGizmo/BoundingBoxCorner.uasset" 347
"../../../Engine/Content/VREditor/TransformGizmo/BoundingBoxCorner.uexp" 348
"../../../Engine/Plugins/2D/Paper2D/Content/PlaceholderTextures/DummySpriteTexture.ubulk" 349
"../../../Engine/Plugins/2D/Paper2D/Content/PlaceholderTextures/DummySpriteTexture.uasset" 350
"../../../Engine/Plugins/2D/Paper2D/Content/PlaceholderTextures/DummySpriteTexture.uexp" 351
"../../../Engine/Plugins/2D/Paper2D/Content/DefaultSpriteMaterial.uasset" 352
"../../../Engine/Plugins/2D/Paper2D/Content/DefaultSpriteMaterial.uexp" 353
"../../../Engine/Plugins/2D/Paper2D/Content/OpaqueUnlitSpriteMaterial.uasset" 354
"../../../Engine/Plugins/2D/Paper2D/Content/OpaqueUnlitSpriteMaterial.uexp" 355
"../../../Engine/Plugins/2D/Paper2D/Content/MaskedUnlitSpriteMaterial.uasset" 356
"../../../Engine/Plugins/2D/Paper2D/Content/MaskedUnlitSpriteMaterial.uexp" 357
"../../../Engine/Plugins/2D/Paper2D/Content/DummySprite.uasset" 358
"../../../Engine/Plugins/2D/Paper2D/Content/DummySprite.uexp" 359
"../../../Engine/Plugins/2D/Paper2D/Content/DefaultPaperTerrainMaterial.uasset" 360
"../../../Engine/Plugins/2D/Paper2D/Content/DefaultPaperTerrainMaterial.uexp" 361
"../../../Engine/Plugins/Animation/ControlRig/Content/M_Manip.uasset" 362
"../../../Engine/Plugins/Animation/ControlRig/Content/M_Manip.uexp" 363
"../../../Engine/Plugins/Animation/ControlRig/Content/Controls/DefaultGizmoLibraryNormalized.uasset" 364
"../../../Engine/Plugins/Animation/ControlRig/Content/Controls/DefaultGizmoLibraryNormalized.uexp" 365
"../../../Engine/Plugins/Animation/ControlRig/Content/Controls/ControlRig_Wedge_solid.ubulk" 366
"../../../Engine/Plugins/Animation/ControlRig/Content/Controls/ControlRig_Wedge_solid.uasset" 367
"../../../Engine/Plugins/Animation/ControlRig/Content/Controls/ControlRig_Wedge_solid.uexp" 368
"../../../Engine/Plugins/Animation/ControlRig/Content/Controls/ControlRig_Wedge_3mm.ubulk" 369
"../../../Engine/Plugins/Animation/ControlRig/Content/Controls/ControlRig_Wedge_3mm.uasset" 370
"../../../Engine/Plugins/Animation/ControlRig/Content/Controls/ControlRig_Wedge_3mm.uexp" 371
"../../../Engine/Plugins/Animation/ControlRig/Content/Controls/ControlRig_Wedge_1mm.ubulk" 372
"../../../Engine/Plugins/Animation/ControlRig/Content/Controls/ControlRig_Wedge_1mm.uasset" 373
"../../../Engine/Plugins/Animation/ControlRig/Content/Controls/ControlRig_Wedge_1mm.uexp" 374
"../../../Engine/Plugins/Animation/ControlRig/Content/Controls/ControlRig_Triangle_solid.ubulk" 375
"../../../Engine/Plugins/Animation/ControlRig/Content/Controls/ControlRig_Triangle_solid.uasset" 376
"../../../Engine/Plugins/Animation/ControlRig/Content/Controls/ControlRig_Triangle_solid.uexp" 377
"../../../Engine/Plugins/Animation/ControlRig/Content/Controls/ControlRig_Triangle_3mm.ubulk" 378
"../../../Engine/Plugins/Animation/ControlRig/Content/Controls/ControlRig_Triangle_3mm.uasset" 379
"../../../Engine/Plugins/Animation/ControlRig/Content/Controls/ControlRig_Triangle_3mm.uexp" 380
"../../../Engine/Plugins/Animation/ControlRig/Content/Controls/ControlRig_Triangle_1mm.ubulk" 381
"../../../Engine/Plugins/Animation/ControlRig/Content/Controls/ControlRig_Triangle_1mm.uasset" 382
"../../../Engine/Plugins/Animation/ControlRig/Content/Controls/ControlRig_Triangle_1mm.uexp" 383
"../../../Engine/Plugins/Animation/ControlRig/Content/Controls/ControlRig_Star4_solid.ubulk" 384
"../../../Engine/Plugins/Animation/ControlRig/Content/Controls/ControlRig_Star4_solid.uasset" 385
"../../../Engine/Plugins/Animation/ControlRig/Content/Controls/ControlRig_Star4_solid.uexp" 386
"../../../Engine/Plugins/Animation/ControlRig/Content/Controls/ControlRig_Star4_3mm.ubulk" 387
"../../../Engine/Plugins/Animation/ControlRig/Content/Controls/ControlRig_Star4_3mm.uasset" 388
"../../../Engine/Plugins/Animation/ControlRig/Content/Controls/ControlRig_Star4_3mm.uexp" 389
"../../../Engine/Plugins/Animation/ControlRig/Content/Controls/ControlRig_Star4_1mm.ubulk" 390
"../../../Engine/Plugins/Animation/ControlRig/Content/Controls/ControlRig_Star4_1mm.uasset" 391
"../../../Engine/Plugins/Animation/ControlRig/Content/Controls/ControlRig_Star4_1mm.uexp" 392
"../../../Engine/Plugins/Animation/ControlRig/Content/Controls/ControlRig_Square_solid.ubulk" 393
"../../../Engine/Plugins/Animation/ControlRig/Content/Controls/ControlRig_Square_solid.uasset" 394
"../../../Engine/Plugins/Animation/ControlRig/Content/Controls/ControlRig_Square_solid.uexp" 395
"../../../Engine/Plugins/Animation/ControlRig/Content/Controls/ControlRig_Square_3mm.ubulk" 396
"../../../Engine/Plugins/Animation/ControlRig/Content/Controls/ControlRig_Square_3mm.uasset" 397
"../../../Engine/Plugins/Animation/ControlRig/Content/Controls/ControlRig_Square_3mm.uexp" 398
"../../../Engine/Plugins/Animation/ControlRig/Content/Controls/ControlRig_Square_1mm.ubulk" 399
"../../../Engine/Plugins/Animation/ControlRig/Content/Controls/ControlRig_Square_1mm.uasset" 400
"../../../Engine/Plugins/Animation/ControlRig/Content/Controls/ControlRig_Square_1mm.uexp" 401
"../../../Engine/Plugins/Animation/ControlRig/Content/Controls/ControlRig_Sphere_solid.ubulk" 402
"../../../Engine/Plugins/Animation/ControlRig/Content/Controls/ControlRig_Sphere_solid.uasset" 403
"../../../Engine/Plugins/Animation/ControlRig/Content/Controls/ControlRig_Sphere_solid.uexp" 404
"../../../Engine/Plugins/Animation/ControlRig/Content/Controls/ControlRig_Sphere_3mm.ubulk" 405
"../../../Engine/Plugins/Animation/ControlRig/Content/Controls/ControlRig_Sphere_3mm.uasset" 406
"../../../Engine/Plugins/Animation/ControlRig/Content/Controls/ControlRig_Sphere_3mm.uexp" 407
"../../../Engine/Plugins/Animation/ControlRig/Content/Controls/ControlRig_Sphere_1mm.ubulk" 408
"../../../Engine/Plugins/Animation/ControlRig/Content/Controls/ControlRig_Sphere_1mm.uasset" 409
"../../../Engine/Plugins/Animation/ControlRig/Content/Controls/ControlRig_Sphere_1mm.uexp" 410
"../../../Engine/Plugins/Animation/ControlRig/Content/Controls/ControlRig_RoundedTriangle_solid.ubulk" 411
"../../../Engine/Plugins/Animation/ControlRig/Content/Controls/ControlRig_RoundedTriangle_solid.uasset" 412
"../../../Engine/Plugins/Animation/ControlRig/Content/Controls/ControlRig_RoundedTriangle_solid.uexp" 413
"../../../Engine/Plugins/Animation/ControlRig/Content/Controls/ControlRig_RoundedTriangle_3mm.ubulk" 414
"../../../Engine/Plugins/Animation/ControlRig/Content/Controls/ControlRig_RoundedTriangle_3mm.uasset" 415
"../../../Engine/Plugins/Animation/ControlRig/Content/Controls/ControlRig_RoundedTriangle_3mm.uexp" 416
"../../../Engine/Plugins/Animation/ControlRig/Content/Controls/ControlRig_RoundedTriangle_1mm.ubulk" 417
"../../../Engine/Plugins/Animation/ControlRig/Content/Controls/ControlRig_RoundedTriangle_1mm.uasset" 418
"../../../Engine/Plugins/Animation/ControlRig/Content/Controls/ControlRig_RoundedTriangle_1mm.uexp" 419
"../../../Engine/Plugins/Animation/ControlRig/Content/Controls/ControlRig_RoundedSquare_solid.ubulk" 420
"../../../Engine/Plugins/Animation/ControlRig/Content/Controls/ControlRig_RoundedSquare_solid.uasset" 421
"../../../Engine/Plugins/Animation/ControlRig/Content/Controls/ControlRig_RoundedSquare_solid.uexp" 422
"../../../Engine/Plugins/Animation/ControlRig/Content/Controls/ControlRig_RoundedSquare_3mm.ubulk" 423
"../../../Engine/Plugins/Animation/ControlRig/Content/Controls/ControlRig_RoundedSquare_3mm.uasset" 424
"../../../Engine/Plugins/Animation/ControlRig/Content/Controls/ControlRig_RoundedSquare_3mm.uexp" 425
"../../../Engine/Plugins/Animation/ControlRig/Content/Controls/ControlRig_RoundedSquare_1mm.ubulk" 426
"../../../Engine/Plugins/Animation/ControlRig/Content/Controls/ControlRig_RoundedSquare_1mm.uasset" 427
"../../../Engine/Plugins/Animation/ControlRig/Content/Controls/ControlRig_RoundedSquare_1mm.uexp" 428
"../../../Engine/Plugins/Animation/ControlRig/Content/Controls/ControlRig_QuarterCircle_solid.ubulk" 429
"../../../Engine/Plugins/Animation/ControlRig/Content/Controls/ControlRig_QuarterCircle_solid.uasset" 430
"../../../Engine/Plugins/Animation/ControlRig/Content/Controls/ControlRig_QuarterCircle_solid.uexp" 431
"../../../Engine/Plugins/Animation/ControlRig/Content/Controls/ControlRig_QuarterCircle_3mm.ubulk" 432
"../../../Engine/Plugins/Animation/ControlRig/Content/Controls/ControlRig_QuarterCircle_3mm.uasset" 433
"../../../Engine/Plugins/Animation/ControlRig/Content/Controls/ControlRig_QuarterCircle_3mm.uexp" 434
"../../../Engine/Plugins/Animation/ControlRig/Content/Controls/ControlRig_QuarterCircle_1mm.ubulk" 435
"../../../Engine/Plugins/Animation/ControlRig/Content/Controls/ControlRig_QuarterCircle_1mm.uasset" 436
"../../../Engine/Plugins/Animation/ControlRig/Content/Controls/ControlRig_QuarterCircle_1mm.uexp" 437
"../../../Engine/Plugins/Animation/ControlRig/Content/Controls/ControlRig_Pyramid_solid.ubulk" 438
"../../../Engine/Plugins/Animation/ControlRig/Content/Controls/ControlRig_Pyramid_solid.uasset" 439
"../../../Engine/Plugins/Animation/ControlRig/Content/Controls/ControlRig_Pyramid_solid.uexp" 440
"../../../Engine/Plugins/Animation/ControlRig/Content/Controls/ControlRig_Pyramid_3mm.ubulk" 441
"../../../Engine/Plugins/Animation/ControlRig/Content/Controls/ControlRig_Pyramid_3mm.uasset" 442
"../../../Engine/Plugins/Animation/ControlRig/Content/Controls/ControlRig_Pyramid_3mm.uexp" 443
"../../../Engine/Plugins/Animation/ControlRig/Content/Controls/ControlRig_Pyramid_1mm.ubulk" 444
"../../../Engine/Plugins/Animation/ControlRig/Content/Controls/ControlRig_Pyramid_1mm.uasset" 445
"../../../Engine/Plugins/Animation/ControlRig/Content/Controls/ControlRig_Pyramid_1mm.uexp" 446
"../../../Engine/Plugins/Animation/ControlRig/Content/Controls/ControlRig_Octagon_solid.ubulk" 447
"../../../Engine/Plugins/Animation/ControlRig/Content/Controls/ControlRig_Octagon_solid.uasset" 448
"../../../Engine/Plugins/Animation/ControlRig/Content/Controls/ControlRig_Octagon_solid.uexp" 449
"../../../Engine/Plugins/Animation/ControlRig/Content/Controls/ControlRig_Octagon_3mm.ubulk" 450
"../../../Engine/Plugins/Animation/ControlRig/Content/Controls/ControlRig_Octagon_3mm.uasset" 451
"../../../Engine/Plugins/Animation/ControlRig/Content/Controls/ControlRig_Octagon_3mm.uexp" 452
"../../../Engine/Plugins/Animation/ControlRig/Content/Controls/ControlRig_Octagon_1mm.ubulk" 453
"../../../Engine/Plugins/Animation/ControlRig/Content/Controls/ControlRig_Octagon_1mm.uasset" 454
"../../../Engine/Plugins/Animation/ControlRig/Content/Controls/ControlRig_Octagon_1mm.uexp" 455
"../../../Engine/Plugins/Animation/ControlRig/Content/Controls/ControlRig_Hexagon_solid.ubulk" 456
"../../../Engine/Plugins/Animation/ControlRig/Content/Controls/ControlRig_Hexagon_solid.uasset" 457
"../../../Engine/Plugins/Animation/ControlRig/Content/Controls/ControlRig_Hexagon_solid.uexp" 458
"../../../Engine/Plugins/Animation/ControlRig/Content/Controls/ControlRig_Hexagon_3mm.ubulk" 459
"../../../Engine/Plugins/Animation/ControlRig/Content/Controls/ControlRig_Hexagon_3mm.uasset" 460
"../../../Engine/Plugins/Animation/ControlRig/Content/Controls/ControlRig_Hexagon_3mm.uexp" 461
"../../../Engine/Plugins/Animation/ControlRig/Content/Controls/ControlRig_Hexagon_1mm.ubulk" 462
"../../../Engine/Plugins/Animation/ControlRig/Content/Controls/ControlRig_Hexagon_1mm.uasset" 463
"../../../Engine/Plugins/Animation/ControlRig/Content/Controls/ControlRig_Hexagon_1mm.uexp" 464
"../../../Engine/Plugins/Animation/ControlRig/Content/Controls/ControlRig_HalfCircle_solid.ubulk" 465
"../../../Engine/Plugins/Animation/ControlRig/Content/Controls/ControlRig_HalfCircle_solid.uasset" 466
"../../../Engine/Plugins/Animation/ControlRig/Content/Controls/ControlRig_HalfCircle_solid.uexp" 467
"../../../Engine/Plugins/Animation/ControlRig/Content/Controls/ControlRig_HalfCircle_3mm.ubulk" 468
"../../../Engine/Plugins/Animation/ControlRig/Content/Controls/ControlRig_HalfCircle_3mm.uasset" 469
"../../../Engine/Plugins/Animation/ControlRig/Content/Controls/ControlRig_HalfCircle_3mm.uexp" 470
"../../../Engine/Plugins/Animation/ControlRig/Content/Controls/ControlRig_HalfCircle_1mm.ubulk" 471
"../../../Engine/Plugins/Animation/ControlRig/Content/Controls/ControlRig_HalfCircle_1mm.uasset" 472
"../../../Engine/Plugins/Animation/ControlRig/Content/Controls/ControlRig_HalfCircle_1mm.uexp" 473
"../../../Engine/Plugins/Animation/ControlRig/Content/Controls/ControlRig_Diamond_solid.ubulk" 474
"../../../Engine/Plugins/Animation/ControlRig/Content/Controls/ControlRig_Diamond_solid.uasset" 475
"../../../Engine/Plugins/Animation/ControlRig/Content/Controls/ControlRig_Diamond_solid.uexp" 476
"../../../Engine/Plugins/Animation/ControlRig/Content/Controls/ControlRig_Diamond_3mm.ubulk" 477
"../../../Engine/Plugins/Animation/ControlRig/Content/Controls/ControlRig_Diamond_3mm.uasset" 478
"../../../Engine/Plugins/Animation/ControlRig/Content/Controls/ControlRig_Diamond_3mm.uexp" 479
"../../../Engine/Plugins/Animation/ControlRig/Content/Controls/ControlRig_Diamond_1mm.ubulk" 480
"../../../Engine/Plugins/Animation/ControlRig/Content/Controls/ControlRig_Diamond_1mm.uasset" 481
"../../../Engine/Plugins/Animation/ControlRig/Content/Controls/ControlRig_Diamond_1mm.uexp" 482
"../../../Engine/Plugins/Animation/ControlRig/Content/Controls/ControlRig_Circle_solid.ubulk" 483
"../../../Engine/Plugins/Animation/ControlRig/Content/Controls/ControlRig_Circle_solid.uasset" 484
"../../../Engine/Plugins/Animation/ControlRig/Content/Controls/ControlRig_Circle_solid.uexp" 485
"../../../Engine/Plugins/Animation/ControlRig/Content/Controls/ControlRig_Circle_3mm.ubulk" 486
"../../../Engine/Plugins/Animation/ControlRig/Content/Controls/ControlRig_Circle_3mm.uasset" 487
"../../../Engine/Plugins/Animation/ControlRig/Content/Controls/ControlRig_Circle_3mm.uexp" 488
"../../../Engine/Plugins/Animation/ControlRig/Content/Controls/ControlRig_Circle_1mm.ubulk" 489
"../../../Engine/Plugins/Animation/ControlRig/Content/Controls/ControlRig_Circle_1mm.uasset" 490
"../../../Engine/Plugins/Animation/ControlRig/Content/Controls/ControlRig_Circle_1mm.uexp" 491
"../../../Engine/Plugins/Animation/ControlRig/Content/Controls/ControlRig_Box_solid.ubulk" 492
"../../../Engine/Plugins/Animation/ControlRig/Content/Controls/ControlRig_Box_solid.uasset" 493
"../../../Engine/Plugins/Animation/ControlRig/Content/Controls/ControlRig_Box_solid.uexp" 494
"../../../Engine/Plugins/Animation/ControlRig/Content/Controls/ControlRig_Box_3mm.ubulk" 495
"../../../Engine/Plugins/Animation/ControlRig/Content/Controls/ControlRig_Box_3mm.uasset" 496
"../../../Engine/Plugins/Animation/ControlRig/Content/Controls/ControlRig_Box_3mm.uexp" 497
"../../../Engine/Plugins/Animation/ControlRig/Content/Controls/ControlRig_Box_1mm.ubulk" 498
"../../../Engine/Plugins/Animation/ControlRig/Content/Controls/ControlRig_Box_1mm.uasset" 499
"../../../Engine/Plugins/Animation/ControlRig/Content/Controls/ControlRig_Box_1mm.uexp" 500
"../../../Engine/Plugins/Animation/ControlRig/Content/Controls/ControlRig_Arrow_solid.ubulk" 501
"../../../Engine/Plugins/Animation/ControlRig/Content/Controls/ControlRig_Arrow_solid.uasset" 502
"../../../Engine/Plugins/Animation/ControlRig/Content/Controls/ControlRig_Arrow_solid.uexp" 503
"../../../Engine/Plugins/Animation/ControlRig/Content/Controls/ControlRig_Arrow_3mm.ubulk" 504
"../../../Engine/Plugins/Animation/ControlRig/Content/Controls/ControlRig_Arrow_3mm.uasset" 505
"../../../Engine/Plugins/Animation/ControlRig/Content/Controls/ControlRig_Arrow_3mm.uexp" 506
"../../../Engine/Plugins/Animation/ControlRig/Content/Controls/ControlRig_Arrow_1mm.ubulk" 507
"../../../Engine/Plugins/Animation/ControlRig/Content/Controls/ControlRig_Arrow_1mm.uasset" 508
"../../../Engine/Plugins/Animation/ControlRig/Content/Controls/ControlRig_Arrow_1mm.uexp" 509
"../../../Engine/Plugins/Animation/ControlRig/Content/Controls/ControlRig_Arrow4_solid.ubulk" 510
"../../../Engine/Plugins/Animation/ControlRig/Content/Controls/ControlRig_Arrow4_solid.uasset" 511
"../../../Engine/Plugins/Animation/ControlRig/Content/Controls/ControlRig_Arrow4_solid.uexp" 512
"../../../Engine/Plugins/Animation/ControlRig/Content/Controls/ControlRig_Arrow4_3mm.ubulk" 513
"../../../Engine/Plugins/Animation/ControlRig/Content/Controls/ControlRig_Arrow4_3mm.uasset" 514
"../../../Engine/Plugins/Animation/ControlRig/Content/Controls/ControlRig_Arrow4_3mm.uexp" 515
"../../../Engine/Plugins/Animation/ControlRig/Content/Controls/ControlRig_Arrow4_1mm.ubulk" 516
"../../../Engine/Plugins/Animation/ControlRig/Content/Controls/ControlRig_Arrow4_1mm.uasset" 517
"../../../Engine/Plugins/Animation/ControlRig/Content/Controls/ControlRig_Arrow4_1mm.uexp" 518
"../../../Engine/Plugins/Animation/ControlRig/Content/Controls/ControlRig_Arrow2_solid.ubulk" 519
"../../../Engine/Plugins/Animation/ControlRig/Content/Controls/ControlRig_Arrow2_solid.uasset" 520
"../../../Engine/Plugins/Animation/ControlRig/Content/Controls/ControlRig_Arrow2_solid.uexp" 521
"../../../Engine/Plugins/Animation/ControlRig/Content/Controls/ControlRig_Arrow2_3mm.ubulk" 522
"../../../Engine/Plugins/Animation/ControlRig/Content/Controls/ControlRig_Arrow2_3mm.uasset" 523
"../../../Engine/Plugins/Animation/ControlRig/Content/Controls/ControlRig_Arrow2_3mm.uexp" 524
"../../../Engine/Plugins/Animation/ControlRig/Content/Controls/ControlRig_Arrow2_1mm.ubulk" 525
"../../../Engine/Plugins/Animation/ControlRig/Content/Controls/ControlRig_Arrow2_1mm.uasset" 526
"../../../Engine/Plugins/Animation/ControlRig/Content/Controls/ControlRig_Arrow2_1mm.uexp" 527
"../../../Engine/Plugins/Animation/ControlRig/Content/Controls/ControlRigGizmoMaterial.uasset" 528
"../../../Engine/Plugins/Animation/ControlRig/Content/Controls/ControlRigGizmoMaterial.uexp" 529
"../../../Engine/Plugins/Editor/SpeedTreeImporter/Content/SpeedTree9/game_wind_noise.ubulk" 530
"../../../Engine/Plugins/Editor/SpeedTreeImporter/Content/SpeedTree9/game_wind_noise.uasset" 531
"../../../Engine/Plugins/Editor/SpeedTreeImporter/Content/SpeedTree9/game_wind_noise.uexp" 532
"../../../Engine/Plugins/Editor/SpeedTreeImporter/Content/SpeedTree9/UnpackDirection.uasset" 533
"../../../Engine/Plugins/Editor/SpeedTreeImporter/Content/SpeedTree9/UnpackDirection.uexp" 534
"../../../Engine/Content/Functions/Engine_MaterialFunctions02/ObjectLocalBounds.uasset" 535
"../../../Engine/Content/Functions/Engine_MaterialFunctions02/ObjectLocalBounds.uexp" 536
"../../../Engine/Content/Functions/Engine_MaterialFunctions02/UVs/BoundingBoxBased_0-1_UVW.uasset" 537
"../../../Engine/Content/Functions/Engine_MaterialFunctions02/UVs/BoundingBoxBased_0-1_UVW.uexp" 538
"../../../Engine/Content/Functions/Engine_MaterialFunctions02/Utility/VectorLength.uasset" 539
"../../../Engine/Content/Functions/Engine_MaterialFunctions02/Utility/VectorLength.uexp" 540
"../../../Engine/Plugins/Editor/SpeedTreeImporter/Content/SpeedTree9/UnpackInteger3.uasset" 541
"../../../Engine/Plugins/Editor/SpeedTreeImporter/Content/SpeedTree9/UnpackInteger3.uexp" 542
"../../../Engine/Plugins/Editor/SpeedTreeImporter/Content/SpeedTree9/SpeedTreeCameraFacing.uasset" 543
"../../../Engine/Plugins/Editor/SpeedTreeImporter/Content/SpeedTree9/SpeedTreeCameraFacing.uexp" 544
"../../../Engine/Content/Functions/Engine_MaterialFunctions02/WorldPositionOffset/ObjectScale.uasset" 545
"../../../Engine/Content/Functions/Engine_MaterialFunctions02/WorldPositionOffset/ObjectScale.uexp" 546
"../../../Engine/Content/Functions/Engine_MaterialFunctions02/SafeNormalize.uasset" 547
"../../../Engine/Content/Functions/Engine_MaterialFunctions02/SafeNormalize.uexp" 548
"../../../Engine/Plugins/Editor/SpeedTreeImporter/Content/SpeedTree9/SpeedTreeWindMotion.uasset" 549
"../../../Engine/Plugins/Editor/SpeedTreeImporter/Content/SpeedTree9/SpeedTreeWindMotion.uexp" 550
"../../../Engine/Plugins/Editor/SpeedTreeImporter/Content/SpeedTree9/SpeedTreeBranchMotion.uasset" 551
"../../../Engine/Plugins/Editor/SpeedTreeImporter/Content/SpeedTree9/SpeedTreeBranchMotion.uexp" 552
"../../../Engine/Plugins/Editor/SpeedTreeImporter/Content/SpeedTree9/SpeedTreeWind.uasset" 553
"../../../Engine/Plugins/Editor/SpeedTreeImporter/Content/SpeedTree9/SpeedTreeWind.uexp" 554
"../../../Engine/Plugins/Editor/SpeedTreeImporter/Content/SpeedTree9/EmptyNormal.uasset" 555
"../../../Engine/Plugins/Editor/SpeedTreeImporter/Content/SpeedTree9/EmptyNormal.uexp" 556
"../../../Engine/Plugins/Editor/SpeedTreeImporter/Content/SpeedTree9/Empty.uasset" 557
"../../../Engine/Plugins/Editor/SpeedTreeImporter/Content/SpeedTree9/Empty.uexp" 558
"../../../Engine/Plugins/Editor/SpeedTreeImporter/Content/SpeedTree9/SpeedTreeMaster.uasset" 559
"../../../Engine/Plugins/Editor/SpeedTreeImporter/Content/SpeedTree9/SpeedTreeMaster.uexp" 560
"../../../Engine/Plugins/Editor/SpeedTreeImporter/Content/SpeedTree9/SpeedTreeBillboard.uasset" 561
"../../../Engine/Plugins/Editor/SpeedTreeImporter/Content/SpeedTree9/SpeedTreeBillboard.uexp" 562
"../../../Engine/Plugins/Editor/SpeedTreeImporter/Content/SpeedTree9/SpeedTreeBillboardMaster.uasset" 563
"../../../Engine/Plugins/Editor/SpeedTreeImporter/Content/SpeedTree9/SpeedTreeBillboardMaster.uexp" 564
"../../../Engine/Plugins/Runtime/HairStrands/Content/Materials/HairMeshesDefaultMaterial.uasset" 565
"../../../Engine/Plugins/Runtime/HairStrands/Content/Materials/HairMeshesDefaultMaterial.uexp" 566
"../../../Engine/Plugins/Runtime/HairStrands/Content/Materials/HairDefaultMaterial.uasset" 567
"../../../Engine/Plugins/Runtime/HairStrands/Content/Materials/HairDefaultMaterial.uexp" 568
"../../../Engine/Plugins/Runtime/HairStrands/Content/Materials/HairGroupColors.uasset" 569
"../../../Engine/Plugins/Runtime/HairStrands/Content/Materials/HairGroupColors.uexp" 570
"../../../Engine/Content/EngineMaterials/HairColorMap.uasset" 571
"../../../Engine/Content/EngineMaterials/HairColorMap.uexp" 572
"../../../Engine/Content/EngineMaterials/HairDebugColor.uasset" 573
"../../../Engine/Content/EngineMaterials/HairDebugColor.uexp" 574
"../../../Engine/Plugins/Runtime/HairStrands/Content/Materials/HairDebugMaterial.uasset" 575
"../../../Engine/Plugins/Runtime/HairStrands/Content/Materials/HairDebugMaterial.uexp" 576
"../../../Engine/Plugins/Runtime/HairStrands/Content/Materials/HairCardsDefaultMaterial.uasset" 577
"../../../Engine/Plugins/Runtime/HairStrands/Content/Materials/HairCardsDefaultMaterial.uexp" 578
"../../../Engine/Content/Maps/Entry_BuiltData.uasset" 579
"../../../Engine/Content/Maps/Entry_BuiltData.uexp" 580
"../../../Engine/Content/Maps/Entry.uexp" 581
"../../../Engine/Content/Maps/Entry.umap" 582
"C:/Users/galla/OneDrive/Documents/Unreal Projects/My2DPlatformer/Content/Assets/Audio/Applause.ubulk" 583
"C:/Users/galla/OneDrive/Documents/Unreal Projects/My2DPlatformer/Content/Assets/Audio/Applause.uasset" 584
"C:/Users/galla/OneDrive/Documents/Unreal Projects/My2DPlatformer/Content/Assets/Audio/Applause.uexp" 585
"C:/Users/galla/OneDrive/Documents/Unreal Projects/My2DPlatformer/Content/Assets/Audio/Applause_Cue.uasset" 586
"C:/Users/galla/OneDrive/Documents/Unreal Projects/My2DPlatformer/Content/Assets/Audio/Applause_Cue.uexp" 587
"C:/Users/galla/OneDrive/Documents/Unreal Projects/My2DPlatformer/Content/Assets/Audio/Celebrate.ubulk" 588
"C:/Users/galla/OneDrive/Documents/Unreal Projects/My2DPlatformer/Content/Assets/Audio/Celebrate.uasset" 589
"C:/Users/galla/OneDrive/Documents/Unreal Projects/My2DPlatformer/Content/Assets/Audio/Celebrate.uexp" 590
"C:/Users/galla/OneDrive/Documents/Unreal Projects/My2DPlatformer/Content/Assets/Images/PatrickFace.uasset" 591
"C:/Users/galla/OneDrive/Documents/Unreal Projects/My2DPlatformer/Content/Assets/Images/PatrickFace.uexp" 592
"C:/Users/galla/OneDrive/Documents/Unreal Projects/My2DPlatformer/Content/Assets/Menus/Credits.uasset" 593
"C:/Users/galla/OneDrive/Documents/Unreal Projects/My2DPlatformer/Content/Assets/Menus/Credits.uexp" 594
"C:/Users/galla/OneDrive/Documents/Unreal Projects/My2DPlatformer/Content/Levels/Credits_BuiltData.uasset" 595
"C:/Users/galla/OneDrive/Documents/Unreal Projects/My2DPlatformer/Content/Levels/Credits_BuiltData.uexp" 596
"C:/Users/galla/OneDrive/Documents/Unreal Projects/My2DPlatformer/Content/Assets/Smoke/Smoke_VFX_B8.uasset" 597
"C:/Users/galla/OneDrive/Documents/Unreal Projects/My2DPlatformer/Content/Assets/Smoke/Smoke_VFX_B8.uexp" 598
"C:/Users/galla/OneDrive/Documents/Unreal Projects/My2DPlatformer/Content/Assets/Smoke/Smoke_VFX_B8_Sprite.uasset" 599
"C:/Users/galla/OneDrive/Documents/Unreal Projects/My2DPlatformer/Content/Assets/Smoke/Smoke_VFX_B8_Sprite.uexp" 600
"C:/Users/galla/OneDrive/Documents/Unreal Projects/My2DPlatformer/Content/Assets/Smoke/Smoke_VFX_B7.uasset" 601
"C:/Users/galla/OneDrive/Documents/Unreal Projects/My2DPlatformer/Content/Assets/Smoke/Smoke_VFX_B7.uexp" 602
"C:/Users/galla/OneDrive/Documents/Unreal Projects/My2DPlatformer/Content/Assets/Smoke/Smoke_VFX_B7_Sprite.uasset" 603
"C:/Users/galla/OneDrive/Documents/Unreal Projects/My2DPlatformer/Content/Assets/Smoke/Smoke_VFX_B7_Sprite.uexp" 604
"C:/Users/galla/OneDrive/Documents/Unreal Projects/My2DPlatformer/Content/Assets/Smoke/Smoke_VFX_B6.uasset" 605
"C:/Users/galla/OneDrive/Documents/Unreal Projects/My2DPlatformer/Content/Assets/Smoke/Smoke_VFX_B6.uexp" 606
"C:/Users/galla/OneDrive/Documents/Unreal Projects/My2DPlatformer/Content/Assets/Smoke/Smoke_VFX_B6_Sprite.uasset" 607
"C:/Users/galla/OneDrive/Documents/Unreal Projects/My2DPlatformer/Content/Assets/Smoke/Smoke_VFX_B6_Sprite.uexp" 608
"C:/Users/galla/OneDrive/Documents/Unreal Projects/My2DPlatformer/Content/Assets/Smoke/Smoke_VFX_B5.uasset" 609
"C:/Users/galla/OneDrive/Documents/Unreal Projects/My2DPlatformer/Content/Assets/Smoke/Smoke_VFX_B5.uexp" 610
"C:/Users/galla/OneDrive/Documents/Unreal Projects/My2DPlatformer/Content/Assets/Smoke/Smoke_VFX_B5_Sprite.uasset" 611
"C:/Users/galla/OneDrive/Documents/Unreal Projects/My2DPlatformer/Content/Assets/Smoke/Smoke_VFX_B5_Sprite.uexp" 612
"C:/Users/galla/OneDrive/Documents/Unreal Projects/My2DPlatformer/Content/Assets/Smoke/Smoke_VFX_B4.uasset" 613
"C:/Users/galla/OneDrive/Documents/Unreal Projects/My2DPlatformer/Content/Assets/Smoke/Smoke_VFX_B4.uexp" 614
"C:/Users/galla/OneDrive/Documents/Unreal Projects/My2DPlatformer/Content/Assets/Smoke/Smoke_VFX_B4_Sprite.uasset" 615
"C:/Users/galla/OneDrive/Documents/Unreal Projects/My2DPlatformer/Content/Assets/Smoke/Smoke_VFX_B4_Sprite.uexp" 616
"C:/Users/galla/OneDrive/Documents/Unreal Projects/My2DPlatformer/Content/Assets/Smoke/Smoke_VFX_B3.uasset" 617
"C:/Users/galla/OneDrive/Documents/Unreal Projects/My2DPlatformer/Content/Assets/Smoke/Smoke_VFX_B3.uexp" 618
"C:/Users/galla/OneDrive/Documents/Unreal Projects/My2DPlatformer/Content/Assets/Smoke/Smoke_VFX_B3_Sprite.uasset" 619
"C:/Users/galla/OneDrive/Documents/Unreal Projects/My2DPlatformer/Content/Assets/Smoke/Smoke_VFX_B3_Sprite.uexp" 620
"C:/Users/galla/OneDrive/Documents/Unreal Projects/My2DPlatformer/Content/Assets/Smoke/Smoke_VFX_B2.uasset" 621
"C:/Users/galla/OneDrive/Documents/Unreal Projects/My2DPlatformer/Content/Assets/Smoke/Smoke_VFX_B2.uexp" 622
"C:/Users/galla/OneDrive/Documents/Unreal Projects/My2DPlatformer/Content/Assets/Smoke/Smoke_VFX_B2_Sprite.uasset" 623
"C:/Users/galla/OneDrive/Documents/Unreal Projects/My2DPlatformer/Content/Assets/Smoke/Smoke_VFX_B2_Sprite.uexp" 624
"C:/Users/galla/OneDrive/Documents/Unreal Projects/My2DPlatformer/Content/Assets/Smoke/Smoke_VFX_B1.uasset" 625
"C:/Users/galla/OneDrive/Documents/Unreal Projects/My2DPlatformer/Content/Assets/Smoke/Smoke_VFX_B1.uexp" 626
"C:/Users/galla/OneDrive/Documents/Unreal Projects/My2DPlatformer/Content/Assets/Smoke/Smoke_VFX_B1_Sprite.uasset" 627
"C:/Users/galla/OneDrive/Documents/Unreal Projects/My2DPlatformer/Content/Assets/Smoke/Smoke_VFX_B1_Sprite.uexp" 628
"C:/Users/galla/OneDrive/Documents/Unreal Projects/My2DPlatformer/Content/Assets/Smoke/Smoke_Flipbook.uasset" 629
"C:/Users/galla/OneDrive/Documents/Unreal Projects/My2DPlatformer/Content/Assets/Smoke/Smoke_Flipbook.uexp" 630
"C:/Users/galla/OneDrive/Documents/Unreal Projects/My2DPlatformer/Content/Assets/Characters/character_0000.uasset" 631
"C:/Users/galla/OneDrive/Documents/Unreal Projects/My2DPlatformer/Content/Assets/Characters/character_0000.uexp" 632
"C:/Users/galla/OneDrive/Documents/Unreal Projects/My2DPlatformer/Content/Assets/Characters/character_0000_Sprite.uasset" 633
"C:/Users/galla/OneDrive/Documents/Unreal Projects/My2DPlatformer/Content/Assets/Characters/character_0000_Sprite.uexp" 634
"C:/Users/galla/OneDrive/Documents/Unreal Projects/My2DPlatformer/Content/Assets/Characters/Idle_Anim.uasset" 635
"C:/Users/galla/OneDrive/Documents/Unreal Projects/My2DPlatformer/Content/Assets/Characters/Idle_Anim.uexp" 636
"C:/Users/galla/OneDrive/Documents/Unreal Projects/My2DPlatformer/Content/Assets/Blueprints/MainMenuCharacter.uasset" 637
"C:/Users/galla/OneDrive/Documents/Unreal Projects/My2DPlatformer/Content/Assets/Blueprints/MainMenuCharacter.uexp" 638
"C:/Users/galla/OneDrive/Documents/Unreal Projects/My2DPlatformer/Content/Levels/Credits.uexp" 639
"C:/Users/galla/OneDrive/Documents/Unreal Projects/My2DPlatformer/Content/Levels/Credits.umap" 640
"C:/Users/galla/OneDrive/Documents/Unreal Projects/My2DPlatformer/Content/Assets/Tilemap/tiles_packed.uasset" 641
"C:/Users/galla/OneDrive/Documents/Unreal Projects/My2DPlatformer/Content/Assets/Tilemap/tiles_packed.uexp" 642
"C:/Users/galla/OneDrive/Documents/Unreal Projects/My2DPlatformer/Content/Assets/Tilemap/tiles_packed_TileSet.uasset" 643
"C:/Users/galla/OneDrive/Documents/Unreal Projects/My2DPlatformer/Content/Assets/Tilemap/tiles_packed_TileSet.uexp" 644
"C:/Users/galla/OneDrive/Documents/Unreal Projects/My2DPlatformer/Content/Assets/Tilemap/FallingPlatformsTileMaps/Challenges/FallingPlatform_Challenge04.uasset" 645
"C:/Users/galla/OneDrive/Documents/Unreal Projects/My2DPlatformer/Content/Assets/Tilemap/FallingPlatformsTileMaps/Challenges/FallingPlatform_Challenge04.uexp" 646
"C:/Users/galla/OneDrive/Documents/Unreal Projects/My2DPlatformer/Content/Assets/Background/tilemap_packed.uasset" 647
"C:/Users/galla/OneDrive/Documents/Unreal Projects/My2DPlatformer/Content/Assets/Background/tilemap_packed.uexp" 648
"C:/Users/galla/OneDrive/Documents/Unreal Projects/My2DPlatformer/Content/Assets/Background/tilemap_packed_TileSet.uasset" 649
"C:/Users/galla/OneDrive/Documents/Unreal Projects/My2DPlatformer/Content/Assets/Background/tilemap_packed_TileSet.uexp" 650
"C:/Users/galla/OneDrive/Documents/Unreal Projects/My2DPlatformer/Content/Assets/Tilemap/Background01.uasset" 651
"C:/Users/galla/OneDrive/Documents/Unreal Projects/My2DPlatformer/Content/Assets/Tilemap/Background01.uexp" 652
"C:/Users/galla/OneDrive/Documents/Unreal Projects/My2DPlatformer/Content/Assets/Tilemap/FallingPlatformsTileMaps/Intermission/FallingPlatform_Intermission05.uasset" 653
"C:/Users/galla/OneDrive/Documents/Unreal Projects/My2DPlatformer/Content/Assets/Tilemap/FallingPlatformsTileMaps/Intermission/FallingPlatform_Intermission05.uexp" 654
"C:/Users/galla/OneDrive/Documents/Unreal Projects/My2DPlatformer/Content/Assets/Tilemap/FallingPlatformsTileMaps/Challenges/FallingPlatform_Challenge02.uasset" 655
"C:/Users/galla/OneDrive/Documents/Unreal Projects/My2DPlatformer/Content/Assets/Tilemap/FallingPlatformsTileMaps/Challenges/FallingPlatform_Challenge02.uexp" 656
"C:/Users/galla/OneDrive/Documents/Unreal Projects/My2DPlatformer/Content/Assets/Tilemap/FallingPlatformsTileMaps/Intermission/FallingPlatform_Intermission01.uasset" 657
"C:/Users/galla/OneDrive/Documents/Unreal Projects/My2DPlatformer/Content/Assets/Tilemap/FallingPlatformsTileMaps/Intermission/FallingPlatform_Intermission01.uexp" 658
"C:/Users/galla/OneDrive/Documents/Unreal Projects/My2DPlatformer/Content/Assets/Tilemap/FallingPlatformsTileMaps/Challenges/FallingPlatform_Challenge01.uasset" 659
"C:/Users/galla/OneDrive/Documents/Unreal Projects/My2DPlatformer/Content/Assets/Tilemap/FallingPlatformsTileMaps/Challenges/FallingPlatform_Challenge01.uexp" 660
"C:/Users/galla/OneDrive/Documents/Unreal Projects/My2DPlatformer/Content/Assets/Tilemap/FallingPlatformsTileMaps/Intermission/FallingPlatform_Intermission02.uasset" 661
"C:/Users/galla/OneDrive/Documents/Unreal Projects/My2DPlatformer/Content/Assets/Tilemap/FallingPlatformsTileMaps/Intermission/FallingPlatform_Intermission02.uexp" 662
"C:/Users/galla/OneDrive/Documents/Unreal Projects/My2DPlatformer/Content/Assets/Tilemap/FallingPlatformsTileMaps/Intermission/FallingPlatform_Intermission06.uasset" 663
"C:/Users/galla/OneDrive/Documents/Unreal Projects/My2DPlatformer/Content/Assets/Tilemap/FallingPlatformsTileMaps/Intermission/FallingPlatform_Intermission06.uexp" 664
"C:/Users/galla/OneDrive/Documents/Unreal Projects/My2DPlatformer/Content/Assets/Tilemap/FallingPlatformsTileMaps/Intermission/FallingPlatform_Intermission04.uasset" 665
"C:/Users/galla/OneDrive/Documents/Unreal Projects/My2DPlatformer/Content/Assets/Tilemap/FallingPlatformsTileMaps/Intermission/FallingPlatform_Intermission04.uexp" 666
"C:/Users/galla/OneDrive/Documents/Unreal Projects/My2DPlatformer/Content/Assets/Tilemap/FallingPlatformsTileMaps/Intermission/FallingPlatform_Intermission03.uasset" 667
"C:/Users/galla/OneDrive/Documents/Unreal Projects/My2DPlatformer/Content/Assets/Tilemap/FallingPlatformsTileMaps/Intermission/FallingPlatform_Intermission03.uexp" 668
"C:/Users/galla/OneDrive/Documents/Unreal Projects/My2DPlatformer/Content/Assets/Tilemap/FallingPlatformsTileMaps/Challenges/FallingPlatform_Challenge03.uasset" 669
"C:/Users/galla/OneDrive/Documents/Unreal Projects/My2DPlatformer/Content/Assets/Tilemap/FallingPlatformsTileMaps/Challenges/FallingPlatform_Challenge03.uexp" 670
"C:/Users/galla/OneDrive/Documents/Unreal Projects/My2DPlatformer/Content/Assets/Tilemap/FallingPlatformsTileMaps/FallingPlatform_start.uasset" 671
"C:/Users/galla/OneDrive/Documents/Unreal Projects/My2DPlatformer/Content/Assets/Tilemap/FallingPlatformsTileMaps/FallingPlatform_start.uexp" 672
"C:/Users/galla/OneDrive/Documents/Unreal Projects/My2DPlatformer/Content/Assets/Tilemap/FallingPlatformsTileMaps/FallingPlatform_leveledge2.uasset" 673
"C:/Users/galla/OneDrive/Documents/Unreal Projects/My2DPlatformer/Content/Assets/Tilemap/FallingPlatformsTileMaps/FallingPlatform_leveledge2.uexp" 674
"C:/Users/galla/OneDrive/Documents/Unreal Projects/My2DPlatformer/Content/Assets/Tilemap/FallingPlatformsTileMaps/FallingPlatform_leveledge1.uasset" 675
"C:/Users/galla/OneDrive/Documents/Unreal Projects/My2DPlatformer/Content/Assets/Tilemap/FallingPlatformsTileMaps/FallingPlatform_leveledge1.uexp" 676
"C:/Users/galla/OneDrive/Documents/Unreal Projects/My2DPlatformer/Content/Assets/Tilemap/FallingPlatformsTileMaps/FallingPlatform_leveledge.uasset" 677
"C:/Users/galla/OneDrive/Documents/Unreal Projects/My2DPlatformer/Content/Assets/Tilemap/FallingPlatformsTileMaps/FallingPlatform_leveledge.uexp" 678
"C:/Users/galla/OneDrive/Documents/Unreal Projects/My2DPlatformer/Content/Assets/Tilemap/FallingPlatformsTileMaps/FallingPlatform_End04.uasset" 679
"C:/Users/galla/OneDrive/Documents/Unreal Projects/My2DPlatformer/Content/Assets/Tilemap/FallingPlatformsTileMaps/FallingPlatform_End04.uexp" 680
"C:/Users/galla/OneDrive/Documents/Unreal Projects/My2DPlatformer/Content/Assets/Tilemap/FallingPlatformsTileMaps/FallingPlatform_End03.uasset" 681
"C:/Users/galla/OneDrive/Documents/Unreal Projects/My2DPlatformer/Content/Assets/Tilemap/FallingPlatformsTileMaps/FallingPlatform_End03.uexp" 682
"C:/Users/galla/OneDrive/Documents/Unreal Projects/My2DPlatformer/Content/Assets/Tilemap/FallingPlatformsTileMaps/FallingPlatform_End02.uasset" 683
"C:/Users/galla/OneDrive/Documents/Unreal Projects/My2DPlatformer/Content/Assets/Tilemap/FallingPlatformsTileMaps/FallingPlatform_End02.uexp" 684
"C:/Users/galla/OneDrive/Documents/Unreal Projects/My2DPlatformer/Content/Assets/Tilemap/FallingPlatformsTileMaps/FallingPlatform_End01.uasset" 685
"C:/Users/galla/OneDrive/Documents/Unreal Projects/My2DPlatformer/Content/Assets/Tilemap/FallingPlatformsTileMaps/FallingPlatform_End01.uexp" 686
"C:/Users/galla/OneDrive/Documents/Unreal Projects/My2DPlatformer/Content/Assets/Tilemap/FallingPlatformsTileMaps/Intermission/FallingPlatform_Intermission07.uasset" 687
"C:/Users/galla/OneDrive/Documents/Unreal Projects/My2DPlatformer/Content/Assets/Tilemap/FallingPlatformsTileMaps/Intermission/FallingPlatform_Intermission07.uexp" 688
"C:/Users/galla/OneDrive/Documents/Unreal Projects/My2DPlatformer/Content/Assets/Tilemap/FallingPlatformsTileMaps/Challenges/FallingPlatform_Challenge05.uasset" 689
"C:/Users/galla/OneDrive/Documents/Unreal Projects/My2DPlatformer/Content/Assets/Tilemap/FallingPlatformsTileMaps/Challenges/FallingPlatform_Challenge05.uexp" 690
"C:/Users/galla/OneDrive/Documents/Unreal Projects/My2DPlatformer/Content/Assets/Menus/PauseMenu.uasset" 691
"C:/Users/galla/OneDrive/Documents/Unreal Projects/My2DPlatformer/Content/Assets/Menus/PauseMenu.uexp" 692
"C:/Users/galla/OneDrive/Documents/Unreal Projects/My2DPlatformer/Content/Assets/Audio/MainGame.ubulk" 693
"C:/Users/galla/OneDrive/Documents/Unreal Projects/My2DPlatformer/Content/Assets/Audio/MainGame.uasset" 694
"C:/Users/galla/OneDrive/Documents/Unreal Projects/My2DPlatformer/Content/Assets/Audio/MainGame.uexp" 695
"C:/Users/galla/OneDrive/Documents/Unreal Projects/My2DPlatformer/Content/Assets/Audio/MainGame_Cue.uasset" 696
"C:/Users/galla/OneDrive/Documents/Unreal Projects/My2DPlatformer/Content/Assets/Audio/MainGame_Cue.uexp" 697
"C:/Users/galla/OneDrive/Documents/Unreal Projects/My2DPlatformer/Content/Assets/Audio/Jump.ubulk" 698
"C:/Users/galla/OneDrive/Documents/Unreal Projects/My2DPlatformer/Content/Assets/Audio/Jump.uasset" 699
"C:/Users/galla/OneDrive/Documents/Unreal Projects/My2DPlatformer/Content/Assets/Audio/Jump.uexp" 700
"C:/Users/galla/OneDrive/Documents/Unreal Projects/My2DPlatformer/Content/Assets/Audio/Jump_Cue.uasset" 701
"C:/Users/galla/OneDrive/Documents/Unreal Projects/My2DPlatformer/Content/Assets/Audio/Jump_Cue.uexp" 702
"../../../Engine/Content/EditorBlueprintResources/StandardMacros.uasset" 703
"../../../Engine/Content/EditorBlueprintResources/StandardMacros.uexp" 704
"C:/Users/galla/OneDrive/Documents/Unreal Projects/My2DPlatformer/Content/Assets/Characters/character_0001.uasset" 705
"C:/Users/galla/OneDrive/Documents/Unreal Projects/My2DPlatformer/Content/Assets/Characters/character_0001.uexp" 706
"C:/Users/galla/OneDrive/Documents/Unreal Projects/My2DPlatformer/Content/Assets/Characters/character_0001_Sprite.uasset" 707
"C:/Users/galla/OneDrive/Documents/Unreal Projects/My2DPlatformer/Content/Assets/Characters/character_0001_Sprite.uexp" 708
"C:/Users/galla/OneDrive/Documents/Unreal Projects/My2DPlatformer/Content/Assets/Characters/Moving_Anim.uasset" 709
"C:/Users/galla/OneDrive/Documents/Unreal Projects/My2DPlatformer/Content/Assets/Characters/Moving_Anim.uexp" 710
"C:/Users/galla/OneDrive/Documents/Unreal Projects/My2DPlatformer/Content/Assets/Characters/Jumping_Anim.uasset" 711
"C:/Users/galla/OneDrive/Documents/Unreal Projects/My2DPlatformer/Content/Assets/Characters/Jumping_Anim.uexp" 712
"C:/Users/galla/OneDrive/Documents/Unreal Projects/My2DPlatformer/Content/Assets/Blueprints/PlayerCharacterBlueprint.uasset" 713
"C:/Users/galla/OneDrive/Documents/Unreal Projects/My2DPlatformer/Content/Assets/Blueprints/PlayerCharacterBlueprint.uexp" 714
"C:/Users/galla/OneDrive/Documents/Unreal Projects/My2DPlatformer/Content/Assets/Blueprints/MasterActor.uasset" 715
"C:/Users/galla/OneDrive/Documents/Unreal Projects/My2DPlatformer/Content/Assets/Blueprints/MasterActor.uexp" 716
"C:/Users/galla/OneDrive/Documents/Unreal Projects/My2DPlatformer/Content/Assets/Blueprints/Level1toLevel2.uasset" 717
"C:/Users/galla/OneDrive/Documents/Unreal Projects/My2DPlatformer/Content/Assets/Blueprints/Level1toLevel2.uexp" 718
"C:/Users/galla/OneDrive/Documents/Unreal Projects/My2DPlatformer/Content/Assets/Tiles/tile_0147.uasset" 719
"C:/Users/galla/OneDrive/Documents/Unreal Projects/My2DPlatformer/Content/Assets/Tiles/tile_0147.uexp" 720
"C:/Users/galla/OneDrive/Documents/Unreal Projects/My2DPlatformer/Content/Assets/Tiles/FallingPlatformSprite.uasset" 721
"C:/Users/galla/OneDrive/Documents/Unreal Projects/My2DPlatformer/Content/Assets/Tiles/FallingPlatformSprite.uexp" 722
"C:/Users/galla/OneDrive/Documents/Unreal Projects/My2DPlatformer/Content/Assets/Blueprints/FallingPlatform.uasset" 723
"C:/Users/galla/OneDrive/Documents/Unreal Projects/My2DPlatformer/Content/Assets/Blueprints/FallingPlatform.uexp" 724
"C:/Users/galla/OneDrive/Documents/Unreal Projects/My2DPlatformer/Content/Assets/Blueprints/DeathBox.uasset" 725
"C:/Users/galla/OneDrive/Documents/Unreal Projects/My2DPlatformer/Content/Assets/Blueprints/DeathBox.uexp" 726
"C:/Users/galla/OneDrive/Documents/Unreal Projects/My2DPlatformer/Content/Assets/Tiles/CheckpointCrossed.uasset" 727
"C:/Users/galla/OneDrive/Documents/Unreal Projects/My2DPlatformer/Content/Assets/Tiles/CheckpointCrossed.uexp" 728
"C:/Users/galla/OneDrive/Documents/Unreal Projects/My2DPlatformer/Content/Assets/Tiles/CheckpointCrossed_Sprite.uasset" 729
"C:/Users/galla/OneDrive/Documents/Unreal Projects/My2DPlatformer/Content/Assets/Tiles/CheckpointCrossed_Sprite.uexp" 730
"C:/Users/galla/OneDrive/Documents/Unreal Projects/My2DPlatformer/Content/Assets/Tiles/CheckpointCrossed2.uasset" 731
"C:/Users/galla/OneDrive/Documents/Unreal Projects/My2DPlatformer/Content/Assets/Tiles/CheckpointCrossed2.uexp" 732
"C:/Users/galla/OneDrive/Documents/Unreal Projects/My2DPlatformer/Content/Assets/Tiles/CheckpointCrossed2_Sprite.uasset" 733
"C:/Users/galla/OneDrive/Documents/Unreal Projects/My2DPlatformer/Content/Assets/Tiles/CheckpointCrossed2_Sprite.uexp" 734
"C:/Users/galla/OneDrive/Documents/Unreal Projects/My2DPlatformer/Content/Assets/Tiles/CheckPointCross.uasset" 735
"C:/Users/galla/OneDrive/Documents/Unreal Projects/My2DPlatformer/Content/Assets/Tiles/CheckPointCross.uexp" 736
"C:/Users/galla/OneDrive/Documents/Unreal Projects/My2DPlatformer/Content/Assets/Tiles/tile_0112.uasset" 737
"C:/Users/galla/OneDrive/Documents/Unreal Projects/My2DPlatformer/Content/Assets/Tiles/tile_0112.uexp" 738
"C:/Users/galla/OneDrive/Documents/Unreal Projects/My2DPlatformer/Content/Assets/Tiles/tile_0112_Sprite.uasset" 739
"C:/Users/galla/OneDrive/Documents/Unreal Projects/My2DPlatformer/Content/Assets/Tiles/tile_0112_Sprite.uexp" 740
"C:/Users/galla/OneDrive/Documents/Unreal Projects/My2DPlatformer/Content/Assets/Tiles/tile_0111.uasset" 741
"C:/Users/galla/OneDrive/Documents/Unreal Projects/My2DPlatformer/Content/Assets/Tiles/tile_0111.uexp" 742
"C:/Users/galla/OneDrive/Documents/Unreal Projects/My2DPlatformer/Content/Assets/Tiles/tile_0111_Sprite.uasset" 743
"C:/Users/galla/OneDrive/Documents/Unreal Projects/My2DPlatformer/Content/Assets/Tiles/tile_0111_Sprite.uexp" 744
"C:/Users/galla/OneDrive/Documents/Unreal Projects/My2DPlatformer/Content/Assets/Tiles/Checkpoint.uasset" 745
"C:/Users/galla/OneDrive/Documents/Unreal Projects/My2DPlatformer/Content/Assets/Tiles/Checkpoint.uexp" 746
"C:/Users/galla/OneDrive/Documents/Unreal Projects/My2DPlatformer/Content/Assets/Blueprints/Checkpoint.uasset" 747
"C:/Users/galla/OneDrive/Documents/Unreal Projects/My2DPlatformer/Content/Assets/Blueprints/Checkpoint.uexp" 748
"C:/Users/galla/OneDrive/Documents/Unreal Projects/My2DPlatformer/Content/Levels/FallingPlatforms.uexp" 749
"C:/Users/galla/OneDrive/Documents/Unreal Projects/My2DPlatformer/Content/Levels/FallingPlatforms.umap" 750
"C:/Users/galla/OneDrive/Documents/Unreal Projects/My2DPlatformer/Content/Assets/Images/SampleA.uasset" 751
"C:/Users/galla/OneDrive/Documents/Unreal Projects/My2DPlatformer/Content/Assets/Images/SampleA.uexp" 752
"C:/Users/galla/OneDrive/Documents/Unreal Projects/My2DPlatformer/Content/Assets/Menus/MainMenu.uasset" 753
"C:/Users/galla/OneDrive/Documents/Unreal Projects/My2DPlatformer/Content/Assets/Menus/MainMenu.uexp" 754
"C:/Users/galla/OneDrive/Documents/Unreal Projects/My2DPlatformer/Content/Assets/Audio/MainTheme.ubulk" 755
"C:/Users/galla/OneDrive/Documents/Unreal Projects/My2DPlatformer/Content/Assets/Audio/MainTheme.uasset" 756
"C:/Users/galla/OneDrive/Documents/Unreal Projects/My2DPlatformer/Content/Assets/Audio/MainTheme.uexp" 757
"C:/Users/galla/OneDrive/Documents/Unreal Projects/My2DPlatformer/Content/Assets/Audio/MainTheme_Cue.uasset" 758
"C:/Users/galla/OneDrive/Documents/Unreal Projects/My2DPlatformer/Content/Assets/Audio/MainTheme_Cue.uexp" 759
"C:/Users/galla/OneDrive/Documents/Unreal Projects/My2DPlatformer/Content/Levels/MainMenu.uexp" 760
"C:/Users/galla/OneDrive/Documents/Unreal Projects/My2DPlatformer/Content/Levels/MainMenu.umap" 761
"C:/Users/galla/OneDrive/Documents/Unreal Projects/My2DPlatformer/Content/Assets/Tilemap/MovingPlatformsTileMaps/Intermission/MovingPlatforms_Intermission02.uasset" 762
"C:/Users/galla/OneDrive/Documents/Unreal Projects/My2DPlatformer/Content/Assets/Tilemap/MovingPlatformsTileMaps/Intermission/MovingPlatforms_Intermission02.uexp" 763
"C:/Users/galla/OneDrive/Documents/Unreal Projects/My2DPlatformer/Content/Assets/Tilemap/MovingPlatformsTileMaps/MovingPlatforms_LevelEdge03.uasset" 764
"C:/Users/galla/OneDrive/Documents/Unreal Projects/My2DPlatformer/Content/Assets/Tilemap/MovingPlatformsTileMaps/MovingPlatforms_LevelEdge03.uexp" 765
"C:/Users/galla/OneDrive/Documents/Unreal Projects/My2DPlatformer/Content/Assets/Tilemap/MovingPlatformsTileMaps/MovingPlatforms_LevelEdge02.uasset" 766
"C:/Users/galla/OneDrive/Documents/Unreal Projects/My2DPlatformer/Content/Assets/Tilemap/MovingPlatformsTileMaps/MovingPlatforms_LevelEdge02.uexp" 767
"C:/Users/galla/OneDrive/Documents/Unreal Projects/My2DPlatformer/Content/Assets/Tilemap/MovingPlatformsTileMaps/MovingPlatforms_LevelEdge01.uasset" 768
"C:/Users/galla/OneDrive/Documents/Unreal Projects/My2DPlatformer/Content/Assets/Tilemap/MovingPlatformsTileMaps/MovingPlatforms_LevelEdge01.uexp" 769
"C:/Users/galla/OneDrive/Documents/Unreal Projects/My2DPlatformer/Content/Assets/Tilemap/MovingPlatformsTileMaps/MovingPlatforms_Base.uasset" 770
"C:/Users/galla/OneDrive/Documents/Unreal Projects/My2DPlatformer/Content/Assets/Tilemap/MovingPlatformsTileMaps/MovingPlatforms_Base.uexp" 771
"C:/Users/galla/OneDrive/Documents/Unreal Projects/My2DPlatformer/Content/Assets/Tilemap/MovingPlatformsTileMaps/Intermission/MovingPlatforms_Intermission03.uasset" 772
"C:/Users/galla/OneDrive/Documents/Unreal Projects/My2DPlatformer/Content/Assets/Tilemap/MovingPlatformsTileMaps/Intermission/MovingPlatforms_Intermission03.uexp" 773
"C:/Users/galla/OneDrive/Documents/Unreal Projects/My2DPlatformer/Content/Assets/Tilemap/MovingPlatformsTileMaps/Intermission/MovingPlatforms_Intermission01.uasset" 774
"C:/Users/galla/OneDrive/Documents/Unreal Projects/My2DPlatformer/Content/Assets/Tilemap/MovingPlatformsTileMaps/Intermission/MovingPlatforms_Intermission01.uexp" 775
"C:/Users/galla/OneDrive/Documents/Unreal Projects/My2DPlatformer/Content/Assets/Tilemap/MovingPlatformsTileMaps/Challlenges/MovingPlatforms_Challenge09.uasset" 776
"C:/Users/galla/OneDrive/Documents/Unreal Projects/My2DPlatformer/Content/Assets/Tilemap/MovingPlatformsTileMaps/Challlenges/MovingPlatforms_Challenge09.uexp" 777
"C:/Users/galla/OneDrive/Documents/Unreal Projects/My2DPlatformer/Content/Assets/Tilemap/MovingPlatformsTileMaps/Challlenges/MovingPlatforms_Challenge07.uasset" 778
"C:/Users/galla/OneDrive/Documents/Unreal Projects/My2DPlatformer/Content/Assets/Tilemap/MovingPlatformsTileMaps/Challlenges/MovingPlatforms_Challenge07.uexp" 779
"C:/Users/galla/OneDrive/Documents/Unreal Projects/My2DPlatformer/Content/Assets/Tilemap/MovingPlatformsTileMaps/Challlenges/MovingPlatforms_Challenge06.uasset" 780
"C:/Users/galla/OneDrive/Documents/Unreal Projects/My2DPlatformer/Content/Assets/Tilemap/MovingPlatformsTileMaps/Challlenges/MovingPlatforms_Challenge06.uexp" 781
"C:/Users/galla/OneDrive/Documents/Unreal Projects/My2DPlatformer/Content/Assets/Tilemap/MovingPlatformsTileMaps/Challlenges/MovingPlatforms_Challenge05.uasset" 782
"C:/Users/galla/OneDrive/Documents/Unreal Projects/My2DPlatformer/Content/Assets/Tilemap/MovingPlatformsTileMaps/Challlenges/MovingPlatforms_Challenge05.uexp" 783
"C:/Users/galla/OneDrive/Documents/Unreal Projects/My2DPlatformer/Content/Assets/Tilemap/MovingPlatformsTileMaps/Challlenges/MovingPlatforms_Challenge04.uasset" 784
"C:/Users/galla/OneDrive/Documents/Unreal Projects/My2DPlatformer/Content/Assets/Tilemap/MovingPlatformsTileMaps/Challlenges/MovingPlatforms_Challenge04.uexp" 785
"C:/Users/galla/OneDrive/Documents/Unreal Projects/My2DPlatformer/Content/Assets/Tilemap/MovingPlatformsTileMaps/Challlenges/MovingPlatforms_Challenge03.uasset" 786
"C:/Users/galla/OneDrive/Documents/Unreal Projects/My2DPlatformer/Content/Assets/Tilemap/MovingPlatformsTileMaps/Challlenges/MovingPlatforms_Challenge03.uexp" 787
"C:/Users/galla/OneDrive/Documents/Unreal Projects/My2DPlatformer/Content/Assets/Tilemap/MovingPlatformsTileMaps/Challlenges/MovingPlatforms_Challenge02.uasset" 788
"C:/Users/galla/OneDrive/Documents/Unreal Projects/My2DPlatformer/Content/Assets/Tilemap/MovingPlatformsTileMaps/Challlenges/MovingPlatforms_Challenge02.uexp" 789
"C:/Users/galla/OneDrive/Documents/Unreal Projects/My2DPlatformer/Content/Assets/Tilemap/MovingPlatformsTileMaps/Challlenges/MovingPlatforms_Challenge01.uasset" 790
"C:/Users/galla/OneDrive/Documents/Unreal Projects/My2DPlatformer/Content/Assets/Tilemap/MovingPlatformsTileMaps/Challlenges/MovingPlatforms_Challenge01.uexp" 791
"C:/Users/galla/OneDrive/Documents/Unreal Projects/My2DPlatformer/Content/Assets/Tiles/tile_0068.uasset" 792
"C:/Users/galla/OneDrive/Documents/Unreal Projects/My2DPlatformer/Content/Assets/Tiles/tile_0068.uexp" 793
"C:/Users/galla/OneDrive/Documents/Unreal Projects/My2DPlatformer/Content/Assets/Tiles/Spikes.uasset" 794
"C:/Users/galla/OneDrive/Documents/Unreal Projects/My2DPlatformer/Content/Assets/Tiles/Spikes.uexp" 795
"C:/Users/galla/OneDrive/Documents/Unreal Projects/My2DPlatformer/Content/Assets/Blueprints/Spikes.uasset" 796
"C:/Users/galla/OneDrive/Documents/Unreal Projects/My2DPlatformer/Content/Assets/Blueprints/Spikes.uexp" 797
"C:/Users/galla/OneDrive/Documents/Unreal Projects/My2DPlatformer/Content/Assets/Tiles/tile_0146.uasset" 798
"C:/Users/galla/OneDrive/Documents/Unreal Projects/My2DPlatformer/Content/Assets/Tiles/tile_0146.uexp" 799
"C:/Users/galla/OneDrive/Documents/Unreal Projects/My2DPlatformer/Content/Assets/Tiles/MovingPlatform.uasset" 800
"C:/Users/galla/OneDrive/Documents/Unreal Projects/My2DPlatformer/Content/Assets/Tiles/MovingPlatform.uexp" 801
"C:/Users/galla/OneDrive/Documents/Unreal Projects/My2DPlatformer/Content/Assets/Blueprints/MovingPlatform.uasset" 802
"C:/Users/galla/OneDrive/Documents/Unreal Projects/My2DPlatformer/Content/Assets/Blueprints/MovingPlatform.uexp" 803
"C:/Users/galla/OneDrive/Documents/Unreal Projects/My2DPlatformer/Content/Assets/Blueprints/Level3toCredits.uasset" 804
"C:/Users/galla/OneDrive/Documents/Unreal Projects/My2DPlatformer/Content/Assets/Blueprints/Level3toCredits.uexp" 805
"C:/Users/galla/OneDrive/Documents/Unreal Projects/My2DPlatformer/Content/Levels/MovingPlatforms.uexp" 806
"C:/Users/galla/OneDrive/Documents/Unreal Projects/My2DPlatformer/Content/Levels/MovingPlatforms.umap" 807
"C:/Users/galla/OneDrive/Documents/Unreal Projects/My2DPlatformer/Content/Assets/Tilemap/SpikeTileMaps/Challenges/Spikes_challenge06.uasset" 808
"C:/Users/galla/OneDrive/Documents/Unreal Projects/My2DPlatformer/Content/Assets/Tilemap/SpikeTileMaps/Challenges/Spikes_challenge06.uexp" 809
"C:/Users/galla/OneDrive/Documents/Unreal Projects/My2DPlatformer/Content/Assets/Tilemap/SpikeTileMaps/Spikes_leveledge02.uasset" 810
"C:/Users/galla/OneDrive/Documents/Unreal Projects/My2DPlatformer/Content/Assets/Tilemap/SpikeTileMaps/Spikes_leveledge02.uexp" 811
"C:/Users/galla/OneDrive/Documents/Unreal Projects/My2DPlatformer/Content/Assets/Tilemap/SpikeTileMaps/Challenges/Spikes_challenge01.uasset" 812
"C:/Users/galla/OneDrive/Documents/Unreal Projects/My2DPlatformer/Content/Assets/Tilemap/SpikeTileMaps/Challenges/Spikes_challenge01.uexp" 813
"C:/Users/galla/OneDrive/Documents/Unreal Projects/My2DPlatformer/Content/Assets/Tilemap/SpikeTileMaps/Spikes_leveledge01.uasset" 814
"C:/Users/galla/OneDrive/Documents/Unreal Projects/My2DPlatformer/Content/Assets/Tilemap/SpikeTileMaps/Spikes_leveledge01.uexp" 815
"C:/Users/galla/OneDrive/Documents/Unreal Projects/My2DPlatformer/Content/Assets/Tilemap/SpikeTileMaps/Intermission/Spikes_intermission01.uasset" 816
"C:/Users/galla/OneDrive/Documents/Unreal Projects/My2DPlatformer/Content/Assets/Tilemap/SpikeTileMaps/Intermission/Spikes_intermission01.uexp" 817
"C:/Users/galla/OneDrive/Documents/Unreal Projects/My2DPlatformer/Content/Assets/Tilemap/SpikeTileMaps/Challenges/Spikes_challenge1009.uasset" 818
"C:/Users/galla/OneDrive/Documents/Unreal Projects/My2DPlatformer/Content/Assets/Tilemap/SpikeTileMaps/Challenges/Spikes_challenge1009.uexp" 819
"C:/Users/galla/OneDrive/Documents/Unreal Projects/My2DPlatformer/Content/Assets/Tilemap/SpikeTileMaps/Spikes_leveledge04.uasset" 820
"C:/Users/galla/OneDrive/Documents/Unreal Projects/My2DPlatformer/Content/Assets/Tilemap/SpikeTileMaps/Spikes_leveledge04.uexp" 821
"C:/Users/galla/OneDrive/Documents/Unreal Projects/My2DPlatformer/Content/Assets/Tilemap/SpikeTileMaps/Spikes_leveledge03.uasset" 822
"C:/Users/galla/OneDrive/Documents/Unreal Projects/My2DPlatformer/Content/Assets/Tilemap/SpikeTileMaps/Spikes_leveledge03.uexp" 823
"C:/Users/galla/OneDrive/Documents/Unreal Projects/My2DPlatformer/Content/Assets/Tilemap/SpikeTileMaps/Spikes_Base.uasset" 824
"C:/Users/galla/OneDrive/Documents/Unreal Projects/My2DPlatformer/Content/Assets/Tilemap/SpikeTileMaps/Spikes_Base.uexp" 825
"C:/Users/galla/OneDrive/Documents/Unreal Projects/My2DPlatformer/Content/Assets/Tilemap/SpikeTileMaps/Challenges/Spikes_challenge15.uasset" 826
"C:/Users/galla/OneDrive/Documents/Unreal Projects/My2DPlatformer/Content/Assets/Tilemap/SpikeTileMaps/Challenges/Spikes_challenge15.uexp" 827
"C:/Users/galla/OneDrive/Documents/Unreal Projects/My2DPlatformer/Content/Assets/Tilemap/SpikeTileMaps/Challenges/Spikes_challenge14.uasset" 828
"C:/Users/galla/OneDrive/Documents/Unreal Projects/My2DPlatformer/Content/Assets/Tilemap/SpikeTileMaps/Challenges/Spikes_challenge14.uexp" 829
"C:/Users/galla/OneDrive/Documents/Unreal Projects/My2DPlatformer/Content/Assets/Tilemap/SpikeTileMaps/Challenges/Spikes_challenge13.uasset" 830
"C:/Users/galla/OneDrive/Documents/Unreal Projects/My2DPlatformer/Content/Assets/Tilemap/SpikeTileMaps/Challenges/Spikes_challenge13.uexp" 831
"C:/Users/galla/OneDrive/Documents/Unreal Projects/My2DPlatformer/Content/Assets/Tilemap/SpikeTileMaps/Challenges/Spikes_challenge12.uasset" 832
"C:/Users/galla/OneDrive/Documents/Unreal Projects/My2DPlatformer/Content/Assets/Tilemap/SpikeTileMaps/Challenges/Spikes_challenge12.uexp" 833
"C:/Users/galla/OneDrive/Documents/Unreal Projects/My2DPlatformer/Content/Assets/Tilemap/SpikeTileMaps/Challenges/Spikes_challenge11.uasset" 834
"C:/Users/galla/OneDrive/Documents/Unreal Projects/My2DPlatformer/Content/Assets/Tilemap/SpikeTileMaps/Challenges/Spikes_challenge11.uexp" 835
"C:/Users/galla/OneDrive/Documents/Unreal Projects/My2DPlatformer/Content/Assets/Tilemap/SpikeTileMaps/Challenges/Spikes_challenge10.uasset" 836
"C:/Users/galla/OneDrive/Documents/Unreal Projects/My2DPlatformer/Content/Assets/Tilemap/SpikeTileMaps/Challenges/Spikes_challenge10.uexp" 837
"C:/Users/galla/OneDrive/Documents/Unreal Projects/My2DPlatformer/Content/Assets/Tilemap/SpikeTileMaps/Challenges/Spikes_challenge0908.uasset" 838
"C:/Users/galla/OneDrive/Documents/Unreal Projects/My2DPlatformer/Content/Assets/Tilemap/SpikeTileMaps/Challenges/Spikes_challenge0908.uexp" 839
"C:/Users/galla/OneDrive/Documents/Unreal Projects/My2DPlatformer/Content/Assets/Tilemap/SpikeTileMaps/Challenges/Spikes_challenge09.uasset" 840
"C:/Users/galla/OneDrive/Documents/Unreal Projects/My2DPlatformer/Content/Assets/Tilemap/SpikeTileMaps/Challenges/Spikes_challenge09.uexp" 841
"C:/Users/galla/OneDrive/Documents/Unreal Projects/My2DPlatformer/Content/Assets/Tilemap/SpikeTileMaps/Challenges/Spikes_challenge07.uasset" 842
"C:/Users/galla/OneDrive/Documents/Unreal Projects/My2DPlatformer/Content/Assets/Tilemap/SpikeTileMaps/Challenges/Spikes_challenge07.uexp" 843
"C:/Users/galla/OneDrive/Documents/Unreal Projects/My2DPlatformer/Content/Assets/Tilemap/SpikeTileMaps/Challenges/Spikes_challenge04.uasset" 844
"C:/Users/galla/OneDrive/Documents/Unreal Projects/My2DPlatformer/Content/Assets/Tilemap/SpikeTileMaps/Challenges/Spikes_challenge04.uexp" 845
"C:/Users/galla/OneDrive/Documents/Unreal Projects/My2DPlatformer/Content/Assets/Tilemap/SpikeTileMaps/Challenges/Spikes_challenge03.uasset" 846
"C:/Users/galla/OneDrive/Documents/Unreal Projects/My2DPlatformer/Content/Assets/Tilemap/SpikeTileMaps/Challenges/Spikes_challenge03.uexp" 847
"C:/Users/galla/OneDrive/Documents/Unreal Projects/My2DPlatformer/Content/Assets/Tilemap/SpikeTileMaps/Challenges/Spikes_challenge02.uasset" 848
"C:/Users/galla/OneDrive/Documents/Unreal Projects/My2DPlatformer/Content/Assets/Tilemap/SpikeTileMaps/Challenges/Spikes_challenge02.uexp" 849
"C:/Users/galla/OneDrive/Documents/Unreal Projects/My2DPlatformer/Content/Assets/Blueprints/Level2toLevel3.uasset" 850
"C:/Users/galla/OneDrive/Documents/Unreal Projects/My2DPlatformer/Content/Assets/Blueprints/Level2toLevel3.uexp" 851
"C:/Users/galla/OneDrive/Documents/Unreal Projects/My2DPlatformer/Content/Levels/Spikes.uexp" 852
"C:/Users/galla/OneDrive/Documents/Unreal Projects/My2DPlatformer/Content/Levels/Spikes.umap" 853
